D:\USERS\CYBERNIDE\DOCUMENTS\STEERSUITE\RELEASE\BUILD\VS2012\OBJ\DEBUG\GLFW\FULLSCREEN.OBJ
D:\USERS\CYBERNIDE\DOCUMENTS\STEERSUITE\RELEASE\BUILD\VS2012\OBJ\DEBUG\GLFW\GLEXT.OBJ
D:\USERS\CYBERNIDE\DOCUMENTS\STEERSUITE\RELEASE\BUILD\VS2012\OBJ\DEBUG\GLFW\IMAGE.OBJ
D:\USERS\CYBERNIDE\DOCUMENTS\STEERSUITE\RELEASE\BUILD\VS2012\OBJ\DEBUG\GLFW\INIT.OBJ
D:\USERS\CYBERNIDE\DOCUMENTS\STEERSUITE\RELEASE\BUILD\VS2012\OBJ\DEBUG\GLFW\INPUT.OBJ
D:\USERS\CYBERNIDE\DOCUMENTS\STEERSUITE\RELEASE\BUILD\VS2012\OBJ\DEBUG\GLFW\JOYSTICK.OBJ
D:\USERS\CYBERNIDE\DOCUMENTS\STEERSUITE\RELEASE\BUILD\VS2012\OBJ\DEBUG\GLFW\STREAM.OBJ
D:\USERS\CYBERNIDE\DOCUMENTS\STEERSUITE\RELEASE\BUILD\VS2012\OBJ\DEBUG\GLFW\TGA.OBJ
D:\USERS\CYBERNIDE\DOCUMENTS\STEERSUITE\RELEASE\BUILD\VS2012\OBJ\DEBUG\GLFW\THREAD.OBJ
D:\USERS\CYBERNIDE\DOCUMENTS\STEERSUITE\RELEASE\BUILD\VS2012\OBJ\DEBUG\GLFW\TIME.OBJ
D:\USERS\CYBERNIDE\DOCUMENTS\STEERSUITE\RELEASE\BUILD\VS2012\OBJ\DEBUG\GLFW\WINDOW.OBJ
D:\USERS\CYBERNIDE\DOCUMENTS\STEERSUITE\RELEASE\BUILD\VS2012\OBJ\DEBUG\GLFW\WIN32_DLLMAIN.OBJ
D:\USERS\CYBERNIDE\DOCUMENTS\STEERSUITE\RELEASE\BUILD\VS2012\OBJ\DEBUG\GLFW\WIN32_ENABLE.OBJ
D:\USERS\CYBERNIDE\DOCUMENTS\STEERSUITE\RELEASE\BUILD\VS2012\OBJ\DEBUG\GLFW\WIN32_FULLSCREEN.OBJ
D:\USERS\CYBERNIDE\DOCUMENTS\STEERSUITE\RELEASE\BUILD\VS2012\OBJ\DEBUG\GLFW\WIN32_GLEXT.OBJ
D:\USERS\CYBERNIDE\DOCUMENTS\STEERSUITE\RELEASE\BUILD\VS2012\OBJ\DEBUG\GLFW\WIN32_INIT.OBJ
D:\USERS\CYBERNIDE\DOCUMENTS\STEERSUITE\RELEASE\BUILD\VS2012\OBJ\DEBUG\GLFW\WIN32_JOYSTICK.OBJ
D:\USERS\CYBERNIDE\DOCUMENTS\STEERSUITE\RELEASE\BUILD\VS2012\OBJ\DEBUG\GLFW\WIN32_THREAD.OBJ
D:\USERS\CYBERNIDE\DOCUMENTS\STEERSUITE\RELEASE\BUILD\VS2012\OBJ\DEBUG\GLFW\WIN32_TIME.OBJ
D:\USERS\CYBERNIDE\DOCUMENTS\STEERSUITE\RELEASE\BUILD\VS2012\OBJ\DEBUG\GLFW\WIN32_WINDOW.OBJ
D:\USERS\CYBERNIDE\DOCUMENTS\STEERSUITE\RELEASE\BUILD\VS2012\OBJ\DEBUG\GLFW\ENABLE.OBJ
D:\USERS\CYBERNIDE\DOCUMENTS\STEERSUITE\RELEASE\BUILD\BIN\GLFW.PDB
D:\Users\Cybernide\Documents\SteerSuite\Release\build\bin\glfw.lib
D:\Users\Cybernide\Documents\SteerSuite\Release\build\bin\glfw.exp
D:\Users\Cybernide\Documents\SteerSuite\Release\build\vs2012\obj\Debug\glfw\enable.obj
D:\Users\Cybernide\Documents\SteerSuite\Release\build\vs2012\obj\Debug\glfw\fullscreen.obj
D:\Users\Cybernide\Documents\SteerSuite\Release\build\vs2012\obj\Debug\glfw\glext.obj
D:\Users\Cybernide\Documents\SteerSuite\Release\build\vs2012\obj\Debug\glfw\image.obj
D:\Users\Cybernide\Documents\SteerSuite\Release\build\vs2012\obj\Debug\glfw\init.obj
D:\Users\Cybernide\Documents\SteerSuite\Release\build\vs2012\obj\Debug\glfw\input.obj
D:\Users\Cybernide\Documents\SteerSuite\Release\build\vs2012\obj\Debug\glfw\joystick.obj
D:\Users\Cybernide\Documents\SteerSuite\Release\build\vs2012\obj\Debug\glfw\stream.obj
D:\Users\Cybernide\Documents\SteerSuite\Release\build\vs2012\obj\Debug\glfw\tga.obj
D:\Users\Cybernide\Documents\SteerSuite\Release\build\vs2012\obj\Debug\glfw\thread.obj
D:\Users\Cybernide\Documents\SteerSuite\Release\build\vs2012\obj\Debug\glfw\time.obj
D:\Users\Cybernide\Documents\SteerSuite\Release\build\vs2012\obj\Debug\glfw\win32_dllmain.obj
D:\Users\Cybernide\Documents\SteerSuite\Release\build\vs2012\obj\Debug\glfw\win32_enable.obj
D:\Users\Cybernide\Documents\SteerSuite\Release\build\vs2012\obj\Debug\glfw\win32_fullscreen.obj
D:\Users\Cybernide\Documents\SteerSuite\Release\build\vs2012\obj\Debug\glfw\win32_glext.obj
D:\Users\Cybernide\Documents\SteerSuite\Release\build\vs2012\obj\Debug\glfw\win32_init.obj
D:\Users\Cybernide\Documents\SteerSuite\Release\build\vs2012\obj\Debug\glfw\win32_joystick.obj
D:\Users\Cybernide\Documents\SteerSuite\Release\build\vs2012\obj\Debug\glfw\win32_thread.obj
D:\Users\Cybernide\Documents\SteerSuite\Release\build\vs2012\obj\Debug\glfw\win32_time.obj
D:\Users\Cybernide\Documents\SteerSuite\Release\build\vs2012\obj\Debug\glfw\win32_window.obj
D:\Users\Cybernide\Documents\SteerSuite\Release\build\vs2012\obj\Debug\glfw\window.obj
D:\Users\Cybernide\Documents\SteerSuite\Release\build\vs2012\obj\Debug\glfw\cl.command.1.tlog
D:\Users\Cybernide\Documents\SteerSuite\Release\build\vs2012\obj\Debug\glfw\CL.read.1.tlog
D:\Users\Cybernide\Documents\SteerSuite\Release\build\vs2012\obj\Debug\glfw\CL.write.1.tlog
D:\Users\Cybernide\Documents\SteerSuite\Release\build\vs2012\obj\Debug\glfw\glfw.write.1.tlog
D:\Users\Cybernide\Documents\SteerSuite\Release\build\vs2012\obj\Debug\glfw\link-cvtres.read.1.tlog
D:\Users\Cybernide\Documents\SteerSuite\Release\build\vs2012\obj\Debug\glfw\link-cvtres.write.1.tlog
D:\Users\Cybernide\Documents\SteerSuite\Release\build\vs2012\obj\Debug\glfw\link-rc.read.1.tlog
D:\Users\Cybernide\Documents\SteerSuite\Release\build\vs2012\obj\Debug\glfw\link-rc.write.1.tlog
D:\Users\Cybernide\Documents\SteerSuite\Release\build\vs2012\obj\Debug\glfw\link.command.1.tlog
D:\Users\Cybernide\Documents\SteerSuite\Release\build\vs2012\obj\Debug\glfw\link.read.1.tlog
D:\Users\Cybernide\Documents\SteerSuite\Release\build\vs2012\obj\Debug\glfw\link.write.1.tlog
D:\Users\Cybernide\Documents\SteerSuite\Release\build\vs2012\..\bin\glfw.dll
