D:\USERS\CYBERNIDE\DOCUMENTS\STEERSUITE\RELEASE\BUILD\VS2012\OBJ\DEBUG\STEERLIB\RECFILEPLAYERMODULE.OBJ
D:\USERS\CYBERNIDE\DOCUMENTS\STEERSUITE\RELEASE\BUILD\VS2012\OBJ\DEBUG\STEERLIB\RECFILEREADER.OBJ
D:\USERS\CYBERNIDE\DOCUMENTS\STEERSUITE\RELEASE\BUILD\VS2012\OBJ\DEBUG\STEERLIB\RECFILEWRITER.OBJ
D:\USERS\CYBERNIDE\DOCUMENTS\STEERSUITE\RELEASE\BUILD\VS2012\OBJ\DEBUG\STEERLIB\SIMULATIONENGINE.OBJ
D:\USERS\CYBERNIDE\DOCUMENTS\STEERSUITE\RELEASE\BUILD\VS2012\OBJ\DEBUG\STEERLIB\SIMULATIONMETRICSCOLLECTOR.OBJ
D:\USERS\CYBERNIDE\DOCUMENTS\STEERSUITE\RELEASE\BUILD\VS2012\OBJ\DEBUG\STEERLIB\SIMULATIONOPTIONS.OBJ
D:\USERS\CYBERNIDE\DOCUMENTS\STEERSUITE\RELEASE\BUILD\VS2012\OBJ\DEBUG\STEERLIB\SIMULATIONRECORDERMODULE.OBJ
D:\USERS\CYBERNIDE\DOCUMENTS\STEERSUITE\RELEASE\BUILD\VS2012\OBJ\DEBUG\STEERLIB\STATEMACHINE.OBJ
D:\USERS\CYBERNIDE\DOCUMENTS\STEERSUITE\RELEASE\BUILD\VS2012\OBJ\DEBUG\STEERLIB\STEERINGCOMMAND.OBJ
D:\USERS\CYBERNIDE\DOCUMENTS\STEERSUITE\RELEASE\BUILD\VS2012\OBJ\DEBUG\STEERLIB\TESTCASEPLAYERMODULE.OBJ
D:\USERS\CYBERNIDE\DOCUMENTS\STEERSUITE\RELEASE\BUILD\VS2012\OBJ\DEBUG\STEERLIB\TESTCASEREADER.OBJ
D:\USERS\CYBERNIDE\DOCUMENTS\STEERSUITE\RELEASE\BUILD\VS2012\OBJ\DEBUG\STEERLIB\TESTCASEREADERPRIVATE.OBJ
D:\USERS\CYBERNIDE\DOCUMENTS\STEERSUITE\RELEASE\BUILD\VS2012\OBJ\DEBUG\STEERLIB\TESTCASEWRITER.OBJ
D:\USERS\CYBERNIDE\DOCUMENTS\STEERSUITE\RELEASE\BUILD\VS2012\OBJ\DEBUG\STEERLIB\THREADEDTASKMANAGER.OBJ
D:\USERS\CYBERNIDE\DOCUMENTS\STEERSUITE\RELEASE\BUILD\VS2012\OBJ\DEBUG\STEERLIB\XMLPARSER.OBJ
D:\USERS\CYBERNIDE\DOCUMENTS\STEERSUITE\RELEASE\BUILD\VS2012\OBJ\DEBUG\STEERLIB\TICPP.OBJ
D:\USERS\CYBERNIDE\DOCUMENTS\STEERSUITE\RELEASE\BUILD\VS2012\OBJ\DEBUG\STEERLIB\TINYSTR.OBJ
D:\USERS\CYBERNIDE\DOCUMENTS\STEERSUITE\RELEASE\BUILD\VS2012\OBJ\DEBUG\STEERLIB\TINYXML.OBJ
D:\USERS\CYBERNIDE\DOCUMENTS\STEERSUITE\RELEASE\BUILD\VS2012\OBJ\DEBUG\STEERLIB\TINYXMLERROR.OBJ
D:\USERS\CYBERNIDE\DOCUMENTS\STEERSUITE\RELEASE\BUILD\VS2012\OBJ\DEBUG\STEERLIB\TINYXMLPARSER.OBJ
D:\USERS\CYBERNIDE\DOCUMENTS\STEERSUITE\RELEASE\BUILD\VS2012\OBJ\DEBUG\STEERLIB\CIRCLEOBSTACLE.OBJ
D:\USERS\CYBERNIDE\DOCUMENTS\STEERSUITE\RELEASE\BUILD\VS2012\OBJ\DEBUG\STEERLIB\CLOCK.OBJ
D:\USERS\CYBERNIDE\DOCUMENTS\STEERSUITE\RELEASE\BUILD\VS2012\OBJ\DEBUG\STEERLIB\COMMANDLINEPARSER.OBJ
D:\USERS\CYBERNIDE\DOCUMENTS\STEERSUITE\RELEASE\BUILD\VS2012\OBJ\DEBUG\STEERLIB\COMPOSITETECHNIQUE01.OBJ
D:\USERS\CYBERNIDE\DOCUMENTS\STEERSUITE\RELEASE\BUILD\VS2012\OBJ\DEBUG\STEERLIB\COMPOSITETECHNIQUE02.OBJ
D:\USERS\CYBERNIDE\DOCUMENTS\STEERSUITE\RELEASE\BUILD\VS2012\OBJ\DEBUG\STEERLIB\COMPOSITETECHNIQUEENTROPY.OBJ
D:\USERS\CYBERNIDE\DOCUMENTS\STEERSUITE\RELEASE\BUILD\VS2012\OBJ\DEBUG\STEERLIB\COMPOSITETECHNIQUEGRAPH.OBJ
D:\USERS\CYBERNIDE\DOCUMENTS\STEERSUITE\RELEASE\BUILD\VS2012\OBJ\DEBUG\STEERLIB\COMPOSITETECHNIQUEPLE.OBJ
D:\USERS\CYBERNIDE\DOCUMENTS\STEERSUITE\RELEASE\BUILD\VS2012\OBJ\DEBUG\STEERLIB\DRAWLIB.OBJ
D:\USERS\CYBERNIDE\DOCUMENTS\STEERSUITE\RELEASE\BUILD\VS2012\OBJ\DEBUG\STEERLIB\DYNAMICLIBRARY.OBJ
D:\USERS\CYBERNIDE\DOCUMENTS\STEERSUITE\RELEASE\BUILD\VS2012\OBJ\DEBUG\STEERLIB\FRAMESAVER.OBJ
D:\USERS\CYBERNIDE\DOCUMENTS\STEERSUITE\RELEASE\BUILD\VS2012\OBJ\DEBUG\STEERLIB\GRIDDATABASE2D.OBJ
D:\USERS\CYBERNIDE\DOCUMENTS\STEERSUITE\RELEASE\BUILD\VS2012\OBJ\DEBUG\STEERLIB\GRIDDATABASEPLANNINGDOMAIN.OBJ
D:\USERS\CYBERNIDE\DOCUMENTS\STEERSUITE\RELEASE\BUILD\VS2012\OBJ\DEBUG\STEERLIB\HIGHRESCOUNTER.OBJ
D:\USERS\CYBERNIDE\DOCUMENTS\STEERSUITE\RELEASE\BUILD\VS2012\OBJ\DEBUG\STEERLIB\MEMORYMAPPER.OBJ
D:\USERS\CYBERNIDE\DOCUMENTS\STEERSUITE\RELEASE\BUILD\VS2012\OBJ\DEBUG\STEERLIB\MISC.OBJ
D:\USERS\CYBERNIDE\DOCUMENTS\STEERSUITE\RELEASE\BUILD\VS2012\OBJ\DEBUG\STEERLIB\ORIENTEDBOXOBSTACLE.OBJ
D:\USERS\CYBERNIDE\DOCUMENTS\STEERSUITE\RELEASE\BUILD\VS2012\OBJ\DEBUG\STEERLIB\ORIENTEDWALLOBSTACLE.OBJ
D:\USERS\CYBERNIDE\DOCUMENTS\STEERSUITE\RELEASE\BUILD\VS2012\OBJ\DEBUG\STEERLIB\PERFORMANCEPROFILER.OBJ
D:\USERS\CYBERNIDE\DOCUMENTS\STEERSUITE\RELEASE\BUILD\VS2012\OBJ\DEBUG\STEERLIB\POLYGONOBSTACLE.OBJ
D:\USERS\CYBERNIDE\DOCUMENTS\STEERSUITE\RELEASE\BUILD\VS2012\OBJ\DEBUG\STEERLIB\AGENTINTERFACE.OBJ
D:\USERS\CYBERNIDE\DOCUMENTS\STEERSUITE\RELEASE\BUILD\VS2012\OBJ\DEBUG\STEERLIB\AGENTMETRICSCOLLECTOR.OBJ
D:\USERS\CYBERNIDE\DOCUMENTS\STEERSUITE\RELEASE\BUILD\VS2012\OBJ\DEBUG\STEERLIB\BEHAVIORPARAMETER.OBJ
D:\USERS\CYBERNIDE\DOCUMENTS\STEERSUITE\RELEASE\BUILD\VS2012\OBJ\DEBUG\STEERLIB\BEHAVIOUR.OBJ
D:\USERS\CYBERNIDE\DOCUMENTS\STEERSUITE\RELEASE\BUILD\VS2012\OBJ\DEBUG\STEERLIB\BENCHMARKENGINE.OBJ
D:\USERS\CYBERNIDE\DOCUMENTS\STEERSUITE\RELEASE\BUILD\VS2012\OBJ\DEBUG\STEERLIB\BOXOBSTACLE.OBJ
D:\USERS\CYBERNIDE\DOCUMENTS\STEERSUITE\RELEASE\BUILD\VS2012\OBJ\DEBUG\STEERLIB\CAMERA.OBJ
D:\USERS\CYBERNIDE\DOCUMENTS\STEERSUITE\RELEASE\BUILD\BIN\STEERLIB.PDB
D:\Users\Cybernide\Documents\SteerSuite\Release\build\bin\steerlib.lib
D:\Users\Cybernide\Documents\SteerSuite\Release\build\bin\steerlib.exp
D:\Users\Cybernide\Documents\SteerSuite\Release\build\vs2012\obj\Debug\steerlib\steerlib.vcxprojResolveAssemblyReference.cache
D:\Users\Cybernide\Documents\SteerSuite\Release\build\vs2012\obj\Debug\steerlib\AgentInterface.obj
D:\Users\Cybernide\Documents\SteerSuite\Release\build\vs2012\obj\Debug\steerlib\AgentMetricsCollector.obj
D:\Users\Cybernide\Documents\SteerSuite\Release\build\vs2012\obj\Debug\steerlib\BehaviorParameter.obj
D:\Users\Cybernide\Documents\SteerSuite\Release\build\vs2012\obj\Debug\steerlib\Behaviour.obj
D:\Users\Cybernide\Documents\SteerSuite\Release\build\vs2012\obj\Debug\steerlib\BenchmarkEngine.obj
D:\Users\Cybernide\Documents\SteerSuite\Release\build\vs2012\obj\Debug\steerlib\BoxObstacle.obj
D:\Users\Cybernide\Documents\SteerSuite\Release\build\vs2012\obj\Debug\steerlib\Camera.obj
D:\Users\Cybernide\Documents\SteerSuite\Release\build\vs2012\obj\Debug\steerlib\CircleObstacle.obj
D:\Users\Cybernide\Documents\SteerSuite\Release\build\vs2012\obj\Debug\steerlib\Clock.obj
D:\Users\Cybernide\Documents\SteerSuite\Release\build\vs2012\obj\Debug\steerlib\CommandLineParser.obj
D:\Users\Cybernide\Documents\SteerSuite\Release\build\vs2012\obj\Debug\steerlib\CompositeTechnique01.obj
D:\Users\Cybernide\Documents\SteerSuite\Release\build\vs2012\obj\Debug\steerlib\CompositeTechnique02.obj
D:\Users\Cybernide\Documents\SteerSuite\Release\build\vs2012\obj\Debug\steerlib\CompositeTechniqueEntropy.obj
D:\Users\Cybernide\Documents\SteerSuite\Release\build\vs2012\obj\Debug\steerlib\CompositeTechniqueGraph.obj
D:\Users\Cybernide\Documents\SteerSuite\Release\build\vs2012\obj\Debug\steerlib\CompositeTechniquePLE.obj
D:\Users\Cybernide\Documents\SteerSuite\Release\build\vs2012\obj\Debug\steerlib\DrawLib.obj
D:\Users\Cybernide\Documents\SteerSuite\Release\build\vs2012\obj\Debug\steerlib\DynamicLibrary.obj
D:\Users\Cybernide\Documents\SteerSuite\Release\build\vs2012\obj\Debug\steerlib\FrameSaver.obj
D:\Users\Cybernide\Documents\SteerSuite\Release\build\vs2012\obj\Debug\steerlib\GridDatabase2D.obj
D:\Users\Cybernide\Documents\SteerSuite\Release\build\vs2012\obj\Debug\steerlib\GridDatabasePlanningDomain.obj
D:\Users\Cybernide\Documents\SteerSuite\Release\build\vs2012\obj\Debug\steerlib\HighResCounter.obj
D:\Users\Cybernide\Documents\SteerSuite\Release\build\vs2012\obj\Debug\steerlib\MemoryMapper.obj
D:\Users\Cybernide\Documents\SteerSuite\Release\build\vs2012\obj\Debug\steerlib\Misc.obj
D:\Users\Cybernide\Documents\SteerSuite\Release\build\vs2012\obj\Debug\steerlib\OrientedBoxObstacle.obj
D:\Users\Cybernide\Documents\SteerSuite\Release\build\vs2012\obj\Debug\steerlib\OrientedWallObstacle.obj
D:\Users\Cybernide\Documents\SteerSuite\Release\build\vs2012\obj\Debug\steerlib\PerformanceProfiler.obj
D:\Users\Cybernide\Documents\SteerSuite\Release\build\vs2012\obj\Debug\steerlib\PolygonObstacle.obj
D:\Users\Cybernide\Documents\SteerSuite\Release\build\vs2012\obj\Debug\steerlib\RecFilePlayerModule.obj
D:\Users\Cybernide\Documents\SteerSuite\Release\build\vs2012\obj\Debug\steerlib\RecFileReader.obj
D:\Users\Cybernide\Documents\SteerSuite\Release\build\vs2012\obj\Debug\steerlib\RecFileWriter.obj
D:\Users\Cybernide\Documents\SteerSuite\Release\build\vs2012\obj\Debug\steerlib\SimulationEngine.obj
D:\Users\Cybernide\Documents\SteerSuite\Release\build\vs2012\obj\Debug\steerlib\SimulationMetricsCollector.obj
D:\Users\Cybernide\Documents\SteerSuite\Release\build\vs2012\obj\Debug\steerlib\SimulationOptions.obj
D:\Users\Cybernide\Documents\SteerSuite\Release\build\vs2012\obj\Debug\steerlib\SimulationRecorderModule.obj
D:\Users\Cybernide\Documents\SteerSuite\Release\build\vs2012\obj\Debug\steerlib\StateMachine.obj
D:\Users\Cybernide\Documents\SteerSuite\Release\build\vs2012\obj\Debug\steerlib\SteeringCommand.obj
D:\Users\Cybernide\Documents\SteerSuite\Release\build\vs2012\obj\Debug\steerlib\TestCasePlayerModule.obj
D:\Users\Cybernide\Documents\SteerSuite\Release\build\vs2012\obj\Debug\steerlib\TestCaseReader.obj
D:\Users\Cybernide\Documents\SteerSuite\Release\build\vs2012\obj\Debug\steerlib\TestCaseReaderPrivate.obj
D:\Users\Cybernide\Documents\SteerSuite\Release\build\vs2012\obj\Debug\steerlib\TestCaseWriter.obj
D:\Users\Cybernide\Documents\SteerSuite\Release\build\vs2012\obj\Debug\steerlib\ThreadedTaskManager.obj
D:\Users\Cybernide\Documents\SteerSuite\Release\build\vs2012\obj\Debug\steerlib\ticpp.obj
D:\Users\Cybernide\Documents\SteerSuite\Release\build\vs2012\obj\Debug\steerlib\tinystr.obj
D:\Users\Cybernide\Documents\SteerSuite\Release\build\vs2012\obj\Debug\steerlib\tinyxml.obj
D:\Users\Cybernide\Documents\SteerSuite\Release\build\vs2012\obj\Debug\steerlib\tinyxmlerror.obj
D:\Users\Cybernide\Documents\SteerSuite\Release\build\vs2012\obj\Debug\steerlib\tinyxmlparser.obj
D:\Users\Cybernide\Documents\SteerSuite\Release\build\vs2012\obj\Debug\steerlib\XMLParser.obj
D:\Users\Cybernide\Documents\SteerSuite\Release\build\vs2012\obj\Debug\steerlib\cl.command.1.tlog
D:\Users\Cybernide\Documents\SteerSuite\Release\build\vs2012\obj\Debug\steerlib\CL.read.1.tlog
D:\Users\Cybernide\Documents\SteerSuite\Release\build\vs2012\obj\Debug\steerlib\CL.write.1.tlog
D:\Users\Cybernide\Documents\SteerSuite\Release\build\vs2012\obj\Debug\steerlib\link-cvtres.read.1.tlog
D:\Users\Cybernide\Documents\SteerSuite\Release\build\vs2012\obj\Debug\steerlib\link-cvtres.write.1.tlog
D:\Users\Cybernide\Documents\SteerSuite\Release\build\vs2012\obj\Debug\steerlib\link-rc.read.1.tlog
D:\Users\Cybernide\Documents\SteerSuite\Release\build\vs2012\obj\Debug\steerlib\link-rc.write.1.tlog
D:\Users\Cybernide\Documents\SteerSuite\Release\build\vs2012\obj\Debug\steerlib\link.command.1.tlog
D:\Users\Cybernide\Documents\SteerSuite\Release\build\vs2012\obj\Debug\steerlib\link.read.1.tlog
D:\Users\Cybernide\Documents\SteerSuite\Release\build\vs2012\obj\Debug\steerlib\link.write.1.tlog
D:\Users\Cybernide\Documents\SteerSuite\Release\build\vs2012\obj\Debug\steerlib\steerlib.write.1.tlog
