D:\USERS\CYBERNIDE\DOCUMENTS\STEERSUITE\RELEASE\BUILD\VS2012\OBJ\RELEASE\STEERSIMLIB\TESTCASEPLAYERWIDGET.OBJ
D:\USERS\CYBERNIDE\DOCUMENTS\STEERSUITE\RELEASE\BUILD\VS2012\OBJ\RELEASE\STEERSIMLIB\STEERSIM.OBJ
D:\USERS\CYBERNIDE\DOCUMENTS\STEERSUITE\RELEASE\BUILD\VS2012\OBJ\RELEASE\STEERSIMLIB\RECFILEPLAYERWIDGET.OBJ
D:\USERS\CYBERNIDE\DOCUMENTS\STEERSUITE\RELEASE\BUILD\VS2012\OBJ\RELEASE\STEERSIMLIB\QTENGINEDRIVER.OBJ
D:\USERS\CYBERNIDE\DOCUMENTS\STEERSUITE\RELEASE\BUILD\VS2012\OBJ\RELEASE\STEERSIMLIB\QTENGINECONTROLLER.OBJ
D:\USERS\CYBERNIDE\DOCUMENTS\STEERSUITE\RELEASE\BUILD\VS2012\OBJ\RELEASE\STEERSIMLIB\MODULEMANAGERWIDGET.OBJ
D:\USERS\CYBERNIDE\DOCUMENTS\STEERSUITE\RELEASE\BUILD\VS2012\OBJ\RELEASE\STEERSIMLIB\GLWIDGET.OBJ
D:\USERS\CYBERNIDE\DOCUMENTS\STEERSUITE\RELEASE\BUILD\VS2012\OBJ\RELEASE\STEERSIMLIB\GLOBALEVENTFILTER.OBJ
D:\USERS\CYBERNIDE\DOCUMENTS\STEERSUITE\RELEASE\BUILD\VS2012\OBJ\RELEASE\STEERSIMLIB\GLFWENGINEDRIVER.OBJ
D:\USERS\CYBERNIDE\DOCUMENTS\STEERSUITE\RELEASE\BUILD\VS2012\OBJ\RELEASE\STEERSIMLIB\CONSOLEWIDGET.OBJ
D:\USERS\CYBERNIDE\DOCUMENTS\STEERSUITE\RELEASE\BUILD\VS2012\OBJ\RELEASE\STEERSIMLIB\COMMANDLINEENGINEDRIVER.OBJ
D:\USERS\CYBERNIDE\DOCUMENTS\STEERSUITE\RELEASE\BUILD\VS2012\OBJ\RELEASE\STEERSIMLIB\CLOCKWIDGET.OBJ
D:\USERS\CYBERNIDE\DOCUMENTS\STEERSUITE\RELEASE\BUILD\BIN\STEERSIMLIB.PDB
D:\USERS\CYBERNIDE\DOCUMENTS\STEERSUITE\RELEASE\BUILD\BIN\STEERSIMLIB.DLL
D:\Users\Cybernide\Documents\SteerSuite\Release\build\bin\steersimlib.lib
D:\Users\Cybernide\Documents\SteerSuite\Release\build\bin\steersimlib.exp
D:\Users\Cybernide\Documents\SteerSuite\Release\build\vs2012\obj\Release\steersimlib\steersimlib.vcxprojResolveAssemblyReference.cache
D:\Users\Cybernide\Documents\SteerSuite\Release\build\vs2012\obj\Release\steersimlib\ClockWidget.obj
D:\Users\Cybernide\Documents\SteerSuite\Release\build\vs2012\obj\Release\steersimlib\CommandLineEngineDriver.obj
D:\Users\Cybernide\Documents\SteerSuite\Release\build\vs2012\obj\Release\steersimlib\ConsoleWidget.obj
D:\Users\Cybernide\Documents\SteerSuite\Release\build\vs2012\obj\Release\steersimlib\GLFWEngineDriver.obj
D:\Users\Cybernide\Documents\SteerSuite\Release\build\vs2012\obj\Release\steersimlib\GlobalEventFilter.obj
D:\Users\Cybernide\Documents\SteerSuite\Release\build\vs2012\obj\Release\steersimlib\GLWidget.obj
D:\Users\Cybernide\Documents\SteerSuite\Release\build\vs2012\obj\Release\steersimlib\ModuleManagerWidget.obj
D:\Users\Cybernide\Documents\SteerSuite\Release\build\vs2012\obj\Release\steersimlib\QtEngineController.obj
D:\Users\Cybernide\Documents\SteerSuite\Release\build\vs2012\obj\Release\steersimlib\QtEngineDriver.obj
D:\Users\Cybernide\Documents\SteerSuite\Release\build\vs2012\obj\Release\steersimlib\RecFilePlayerWidget.obj
D:\Users\Cybernide\Documents\SteerSuite\Release\build\vs2012\obj\Release\steersimlib\SteerSim.obj
D:\Users\Cybernide\Documents\SteerSuite\Release\build\vs2012\obj\Release\steersimlib\TestCasePlayerWidget.obj
D:\Users\Cybernide\Documents\SteerSuite\Release\build\vs2012\obj\Release\steersimlib\cl.command.1.tlog
D:\Users\Cybernide\Documents\SteerSuite\Release\build\vs2012\obj\Release\steersimlib\CL.read.1.tlog
D:\Users\Cybernide\Documents\SteerSuite\Release\build\vs2012\obj\Release\steersimlib\CL.write.1.tlog
D:\Users\Cybernide\Documents\SteerSuite\Release\build\vs2012\obj\Release\steersimlib\link-cvtres.read.1.tlog
D:\Users\Cybernide\Documents\SteerSuite\Release\build\vs2012\obj\Release\steersimlib\link-cvtres.write.1.tlog
D:\Users\Cybernide\Documents\SteerSuite\Release\build\vs2012\obj\Release\steersimlib\link-rc.read.1.tlog
D:\Users\Cybernide\Documents\SteerSuite\Release\build\vs2012\obj\Release\steersimlib\link-rc.write.1.tlog
D:\Users\Cybernide\Documents\SteerSuite\Release\build\vs2012\obj\Release\steersimlib\link.command.1.tlog
D:\Users\Cybernide\Documents\SteerSuite\Release\build\vs2012\obj\Release\steersimlib\link.read.1.tlog
D:\Users\Cybernide\Documents\SteerSuite\Release\build\vs2012\obj\Release\steersimlib\link.write.1.tlog
D:\Users\Cybernide\Documents\SteerSuite\Release\build\vs2012\obj\Release\steersimlib\steersimlib.write.1.tlog
