D:\USERS\CYBERNIDE\DOCUMENTS\STEERSUITE\RELEASE\BUILD\VS2012\OBJ\DEBUG\TINYXML\TICPP.OBJ
D:\USERS\CYBERNIDE\DOCUMENTS\STEERSUITE\RELEASE\BUILD\VS2012\OBJ\DEBUG\TINYXML\TINYSTR.OBJ
D:\USERS\CYBERNIDE\DOCUMENTS\STEERSUITE\RELEASE\BUILD\VS2012\OBJ\DEBUG\TINYXML\TINYXML.OBJ
D:\USERS\CYBERNIDE\DOCUMENTS\STEERSUITE\RELEASE\BUILD\VS2012\OBJ\DEBUG\TINYXML\TINYXMLERROR.OBJ
D:\USERS\CYBERNIDE\DOCUMENTS\STEERSUITE\RELEASE\BUILD\VS2012\OBJ\DEBUG\TINYXML\TINYXMLPARSER.OBJ
D:\USERS\CYBERNIDE\DOCUMENTS\STEERSUITE\RELEASE\BUILD\BIN\TINYXML.PDB
D:\USERS\CYBERNIDE\DOCUMENTS\STEERSUITE\RELEASE\BUILD\BIN\TINYXML.ILK
D:\USERS\CYBERNIDE\DOCUMENTS\STEERSUITE\RELEASE\BUILD\BIN\TINYXML.DLL
D:\Users\Cybernide\Documents\SteerSuite\Release\build\vs2012\obj\Debug\tinyxml\ticpp.obj
D:\Users\Cybernide\Documents\SteerSuite\Release\build\vs2012\obj\Debug\tinyxml\tinystr.obj
D:\Users\Cybernide\Documents\SteerSuite\Release\build\vs2012\obj\Debug\tinyxml\tinyxml.obj
D:\Users\Cybernide\Documents\SteerSuite\Release\build\vs2012\obj\Debug\tinyxml\tinyxmlerror.obj
D:\Users\Cybernide\Documents\SteerSuite\Release\build\vs2012\obj\Debug\tinyxml\tinyxmlparser.obj
D:\Users\Cybernide\Documents\SteerSuite\Release\build\vs2012\obj\Debug\tinyxml\cl.command.1.tlog
D:\Users\Cybernide\Documents\SteerSuite\Release\build\vs2012\obj\Debug\tinyxml\CL.read.1.tlog
D:\Users\Cybernide\Documents\SteerSuite\Release\build\vs2012\obj\Debug\tinyxml\CL.write.1.tlog
D:\Users\Cybernide\Documents\SteerSuite\Release\build\vs2012\obj\Debug\tinyxml\link-cvtres.read.1.tlog
D:\Users\Cybernide\Documents\SteerSuite\Release\build\vs2012\obj\Debug\tinyxml\link-cvtres.write.1.tlog
D:\Users\Cybernide\Documents\SteerSuite\Release\build\vs2012\obj\Debug\tinyxml\link-rc.read.1.tlog
D:\Users\Cybernide\Documents\SteerSuite\Release\build\vs2012\obj\Debug\tinyxml\link-rc.write.1.tlog
D:\Users\Cybernide\Documents\SteerSuite\Release\build\vs2012\obj\Debug\tinyxml\link.command.1.tlog
D:\Users\Cybernide\Documents\SteerSuite\Release\build\vs2012\obj\Debug\tinyxml\link.read.1.tlog
D:\Users\Cybernide\Documents\SteerSuite\Release\build\vs2012\obj\Debug\tinyxml\link.write.1.tlog
D:\Users\Cybernide\Documents\SteerSuite\Release\build\vs2012\..\bin\tinyxml.dll
