D:\USERS\CYBERNIDE\DOCUMENTS\STEERSUITE\RELEASE\BUILD\VS2012\OBJ\DEBUG\RVO2DAI\RVO2DAIMODULE.OBJ
D:\USERS\CYBERNIDE\DOCUMENTS\STEERSUITE\RELEASE\BUILD\VS2012\OBJ\DEBUG\RVO2DAI\RVO2DAGENT.OBJ
D:\USERS\CYBERNIDE\DOCUMENTS\STEERSUITE\RELEASE\BUILD\BIN\RVO2DAI.PDB
D:\Users\Cybernide\Documents\SteerSuite\Release\build\bin\rvo2dAI.lib
D:\Users\Cybernide\Documents\SteerSuite\Release\build\bin\rvo2dAI.exp
D:\Users\Cybernide\Documents\SteerSuite\Release\build\vs2012\obj\Debug\rvo2dAI\rvo2dAI.vcxprojResolveAssemblyReference.cache
D:\Users\Cybernide\Documents\SteerSuite\Release\build\vs2012\obj\Debug\rvo2dAI\RVO2DAgent.obj
D:\Users\Cybernide\Documents\SteerSuite\Release\build\vs2012\obj\Debug\rvo2dAI\RVO2DAIModule.obj
D:\Users\Cybernide\Documents\SteerSuite\Release\build\vs2012\obj\Debug\rvo2dAI\cl.command.1.tlog
D:\Users\Cybernide\Documents\SteerSuite\Release\build\vs2012\obj\Debug\rvo2dAI\CL.read.1.tlog
D:\Users\Cybernide\Documents\SteerSuite\Release\build\vs2012\obj\Debug\rvo2dAI\CL.write.1.tlog
D:\Users\Cybernide\Documents\SteerSuite\Release\build\vs2012\obj\Debug\rvo2dAI\link-cvtres.read.1.tlog
D:\Users\Cybernide\Documents\SteerSuite\Release\build\vs2012\obj\Debug\rvo2dAI\link-cvtres.write.1.tlog
D:\Users\Cybernide\Documents\SteerSuite\Release\build\vs2012\obj\Debug\rvo2dAI\link-rc.read.1.tlog
D:\Users\Cybernide\Documents\SteerSuite\Release\build\vs2012\obj\Debug\rvo2dAI\link-rc.write.1.tlog
D:\Users\Cybernide\Documents\SteerSuite\Release\build\vs2012\obj\Debug\rvo2dAI\link.5784-cvtres.read.1.tlog
D:\Users\Cybernide\Documents\SteerSuite\Release\build\vs2012\obj\Debug\rvo2dAI\link.5784-cvtres.write.1.tlog
D:\Users\Cybernide\Documents\SteerSuite\Release\build\vs2012\obj\Debug\rvo2dAI\link.5784-rc.read.1.tlog
D:\Users\Cybernide\Documents\SteerSuite\Release\build\vs2012\obj\Debug\rvo2dAI\link.5784-rc.write.1.tlog
D:\Users\Cybernide\Documents\SteerSuite\Release\build\vs2012\obj\Debug\rvo2dAI\link.5784.read.1.tlog
D:\Users\Cybernide\Documents\SteerSuite\Release\build\vs2012\obj\Debug\rvo2dAI\link.5784.write.1.tlog
D:\Users\Cybernide\Documents\SteerSuite\Release\build\vs2012\obj\Debug\rvo2dAI\link.command.1.tlog
D:\Users\Cybernide\Documents\SteerSuite\Release\build\vs2012\obj\Debug\rvo2dAI\link.read.1.tlog
D:\Users\Cybernide\Documents\SteerSuite\Release\build\vs2012\obj\Debug\rvo2dAI\link.write.1.tlog
D:\Users\Cybernide\Documents\SteerSuite\Release\build\vs2012\obj\Debug\rvo2dAI\rvo2dAI.write.1.tlog
