Build started 09/11/2015 9:50:08 PM.
     1>Project "D:\Users\Cybernide\Documents\SteerSuite\Release\build\vs2012\steersimlib.vcxproj" on node 2 (Build target(s)).
     1>Link:
         C:\Program Files (x86)\Microsoft Visual Studio 11.0\VC\bin\x86_amd64\link.exe /ERRORREPORT:PROMPT /OUT:"..\bin\steersimlib.dll" /INCREMENTAL:NO /NOLOGO /LIBPATH:..\lib opengl32.lib glu32.lib kernel32.lib user32.lib gdi32.lib winspool.lib comdlg32.lib advapi32.lib shell32.lib ole32.lib oleaut32.lib uuid.lib odbc32.lib odbccp32.lib /MANIFEST /MANIFESTUAC:"level='asInvoker' uiAccess='false'" /manifest:embed /DEBUG /PDB:"..\bin\steersimlib.pdb" /SUBSYSTEM:WINDOWS /OPT:REF /OPT:ICF /TLBID:1 /DYNAMICBASE /NXCOMPAT /IMPLIB:"..\bin\steersimlib.lib" /MACHINE:X64 /DLL obj\x64\Release\steersimlib\ClockWidget.obj
         obj\x64\Release\steersimlib\CommandLineEngineDriver.obj
         obj\x64\Release\steersimlib\ConsoleWidget.obj
         obj\x64\Release\steersimlib\GLFWEngineDriver.obj
         obj\x64\Release\steersimlib\GlobalEventFilter.obj
         obj\x64\Release\steersimlib\GLWidget.obj
         obj\x64\Release\steersimlib\ModuleManagerWidget.obj
         obj\x64\Release\steersimlib\QtEngineController.obj
         obj\x64\Release\steersimlib\QtEngineDriver.obj
         obj\x64\Release\steersimlib\RecFilePlayerWidget.obj
         obj\x64\Release\steersimlib\SteerSim.obj
         obj\x64\Release\steersimlib\TestCasePlayerWidget.obj
         D:\Users\Cybernide\Documents\SteerSuite\Release\build\bin\steerlib.lib
         D:\Users\Cybernide\Documents\SteerSuite\Release\build\bin\util.lib
         D:\Users\Cybernide\Documents\SteerSuite\Release\build\bin\glfw.lib
     1>steerlib.lib(steerlib.dll) : fatal error LNK1112: module machine type 'X86' conflicts with target machine type 'x64'
     1>Done Building Project "D:\Users\Cybernide\Documents\SteerSuite\Release\build\vs2012\steersimlib.vcxproj" (Build target(s)) -- FAILED.

Build FAILED.

Time Elapsed 00:00:01.58
