D:\USERS\CYBERNIDE\DOCUMENTS\STEERSUITE\RELEASE\BUILD\VS2012\OBJ\DEBUG\RECAST\RECAST.OBJ
D:\USERS\CYBERNIDE\DOCUMENTS\STEERSUITE\RELEASE\BUILD\VS2012\OBJ\DEBUG\RECAST\RECASTALLOC.OBJ
D:\USERS\CYBERNIDE\DOCUMENTS\STEERSUITE\RELEASE\BUILD\VS2012\OBJ\DEBUG\RECAST\RECASTAREA.OBJ
D:\USERS\CYBERNIDE\DOCUMENTS\STEERSUITE\RELEASE\BUILD\VS2012\OBJ\DEBUG\RECAST\RECASTCONTOUR.OBJ
D:\USERS\CYBERNIDE\DOCUMENTS\STEERSUITE\RELEASE\BUILD\VS2012\OBJ\DEBUG\RECAST\RECASTFILTER.OBJ
D:\USERS\CYBERNIDE\DOCUMENTS\STEERSUITE\RELEASE\BUILD\VS2012\OBJ\DEBUG\RECAST\RECASTLAYERS.OBJ
D:\USERS\CYBERNIDE\DOCUMENTS\STEERSUITE\RELEASE\BUILD\VS2012\OBJ\DEBUG\RECAST\RECASTMESH.OBJ
D:\USERS\CYBERNIDE\DOCUMENTS\STEERSUITE\RELEASE\BUILD\VS2012\OBJ\DEBUG\RECAST\RECASTMESHDETAIL.OBJ
D:\USERS\CYBERNIDE\DOCUMENTS\STEERSUITE\RELEASE\BUILD\VS2012\OBJ\DEBUG\RECAST\RECASTRASTERIZATION.OBJ
D:\USERS\CYBERNIDE\DOCUMENTS\STEERSUITE\RELEASE\BUILD\VS2012\OBJ\DEBUG\RECAST\RECASTREGION.OBJ
D:\USERS\CYBERNIDE\DOCUMENTS\STEERSUITE\RELEASE\BUILD\BIN\RECAST.PDB
D:\USERS\CYBERNIDE\DOCUMENTS\STEERSUITE\RELEASE\BUILD\BIN\RECAST.LIB
D:\Users\Cybernide\Documents\SteerSuite\Release\build\vs2012\obj\Debug\Recast\Recast.vcxprojResolveAssemblyReference.cache
D:\Users\Cybernide\Documents\SteerSuite\Release\build\vs2012\obj\Debug\Recast\Recast.obj
D:\Users\Cybernide\Documents\SteerSuite\Release\build\vs2012\obj\Debug\Recast\RecastAlloc.obj
D:\Users\Cybernide\Documents\SteerSuite\Release\build\vs2012\obj\Debug\Recast\RecastArea.obj
D:\Users\Cybernide\Documents\SteerSuite\Release\build\vs2012\obj\Debug\Recast\RecastContour.obj
D:\Users\Cybernide\Documents\SteerSuite\Release\build\vs2012\obj\Debug\Recast\RecastFilter.obj
D:\Users\Cybernide\Documents\SteerSuite\Release\build\vs2012\obj\Debug\Recast\RecastLayers.obj
D:\Users\Cybernide\Documents\SteerSuite\Release\build\vs2012\obj\Debug\Recast\RecastMesh.obj
D:\Users\Cybernide\Documents\SteerSuite\Release\build\vs2012\obj\Debug\Recast\RecastMeshDetail.obj
D:\Users\Cybernide\Documents\SteerSuite\Release\build\vs2012\obj\Debug\Recast\RecastRasterization.obj
D:\Users\Cybernide\Documents\SteerSuite\Release\build\vs2012\obj\Debug\Recast\RecastRegion.obj
D:\Users\Cybernide\Documents\SteerSuite\Release\build\vs2012\obj\Debug\Recast\cl.command.1.tlog
D:\Users\Cybernide\Documents\SteerSuite\Release\build\vs2012\obj\Debug\Recast\CL.read.1.tlog
D:\Users\Cybernide\Documents\SteerSuite\Release\build\vs2012\obj\Debug\Recast\CL.write.1.tlog
D:\Users\Cybernide\Documents\SteerSuite\Release\build\vs2012\obj\Debug\Recast\Lib-link.read.1.tlog
D:\Users\Cybernide\Documents\SteerSuite\Release\build\vs2012\obj\Debug\Recast\Lib-link.write.1.tlog
D:\Users\Cybernide\Documents\SteerSuite\Release\build\vs2012\obj\Debug\Recast\lib.command.1.tlog
D:\Users\Cybernide\Documents\SteerSuite\Release\build\vs2012\..\bin\Recast.lib
