Build started 22/10/2015 8:44:41 PM.
     1>Project "D:\Users\Cybernide\Documents\SteerSuite\Release\build\vs2012\util.vcxproj" on node 2 (Build target(s)).
     1>ClCompile:
         C:\Program Files (x86)\Microsoft Visual Studio 11.0\VC\bin\x86_amd64\CL.exe /c /I..\..\util\include /Zi /nologo /W4 /WX- /Ox /D ENABLE_GUI /D ENABLE_GLFW /D NDEBUG /D WIN32 /D _WINDOWS /D _WINDLL /D _MBCS /GF /Gm- /EHsc /MD /GS /Gy /fp:precise /Zc:wchar_t /Zc:forScope /Fo"obj\x64\Release\util\\" /Fd"..\bin\util.pdb" /Gd /TP /errorReport:prompt ..\..\util\src\AStarLite.cpp ..\..\util\src\AStarLiteClose.cpp ..\..\util\src\AStarLiteNode.cpp ..\..\util\src\AStarLiteOpen.cpp ..\..\util\src\LogData.cpp ..\..\util\src\Logger.cpp ..\..\util\src\LogManager.cpp ..\..\util\src\LogObject.cpp
         AStarLite.cpp
     1>D:\Users\Cybernide\Documents\SteerSuite\Release\util\include\astar/AStarLite.h(34): warning C4251: 'AStarLite::m_path' : class 'std::vector<_Ty>' needs to have dll-interface to be used by clients of class 'AStarLite'
                 with
                 [
                     _Ty=int
                 ]
         AStarLiteClose.cpp
     1>..\..\util\src\AStarLiteClose.cpp(85): warning C4127: conditional expression is constant
         AStarLiteNode.cpp
         AStarLiteOpen.cpp
         LogData.cpp
     1>d:\users\cybernide\documents\steersuite\release\util\include\LogObject.h(24): warning C4251: 'DataItem::string' : class 'std::basic_string<_Elem,_Traits,_Alloc>' needs to have dll-interface to be used by clients of struct 'DataItem'
                 with
                 [
                     _Elem=char,
                     _Traits=std::char_traits<char>,
                     _Alloc=std::allocator<char>
                 ]
     1>d:\users\cybernide\documents\steersuite\release\util\include\LogObject.h(96): warning C4251: 'LogObject::_record' : class 'std::vector<_Ty>' needs to have dll-interface to be used by clients of class 'LogObject'
                 with
                 [
                     _Ty=DataItem
                 ]
     1>d:\users\cybernide\documents\steersuite\release\util\include\LogObject.h(89): warning C4267: 'argument' : conversion from 'size_t' to 'unsigned int', possible loss of data
     1>d:\users\cybernide\documents\steersuite\release\util\include\Logger.h(65): warning C4251: 'Logger::_fileStream' : class 'std::basic_fstream<_Elem,_Traits>' needs to have dll-interface to be used by clients of class 'Logger'
                 with
                 [
                     _Elem=char,
                     _Traits=std::char_traits<char>
                 ]
     1>d:\users\cybernide\documents\steersuite\release\util\include\Logger.h(66): warning C4251: 'Logger::_fileName' : class 'std::basic_string<_Elem,_Traits,_Alloc>' needs to have dll-interface to be used by clients of class 'Logger'
                 with
                 [
                     _Elem=char,
                     _Traits=std::char_traits<char>,
                     _Alloc=std::allocator<char>
                 ]
     1>d:\users\cybernide\documents\steersuite\release\util\include\Logger.h(69): warning C4251: 'Logger::_fieldNames' : class 'std::vector<_Ty>' needs to have dll-interface to be used by clients of class 'Logger'
                 with
                 [
                     _Ty=std::string
                 ]
     1>d:\users\cybernide\documents\steersuite\release\util\include\Logger.h(70): warning C4251: 'Logger::_dataTypes' : class 'std::vector<_Ty>' needs to have dll-interface to be used by clients of class 'Logger'
                 with
                 [
                     _Ty=DataType
                 ]
     1>D:\Users\Cybernide\Documents\SteerSuite\Release\util\include\LogData.h(34): warning C4251: 'LogData::logData' : class 'std::vector<_Ty>' needs to have dll-interface to be used by clients of class 'LogData'
                 with
                 [
                     _Ty=LogObject *
                 ]
     1>..\..\util\src\LogData.cpp(72): warning C4267: 'argument' : conversion from 'size_t' to 'unsigned int', possible loss of data
     1>..\..\util\src\LogData.cpp(80): warning C4267: 'argument' : conversion from 'size_t' to 'unsigned int', possible loss of data
         Logger.cpp
     1>d:\users\cybernide\documents\steersuite\release\util\include\LogObject.h(24): warning C4251: 'DataItem::string' : class 'std::basic_string<_Elem,_Traits,_Alloc>' needs to have dll-interface to be used by clients of struct 'DataItem'
                 with
                 [
                     _Elem=char,
                     _Traits=std::char_traits<char>,
                     _Alloc=std::allocator<char>
                 ]
     1>d:\users\cybernide\documents\steersuite\release\util\include\LogObject.h(96): warning C4251: 'LogObject::_record' : class 'std::vector<_Ty>' needs to have dll-interface to be used by clients of class 'LogObject'
                 with
                 [
                     _Ty=DataItem
                 ]
     1>d:\users\cybernide\documents\steersuite\release\util\include\LogObject.h(89): warning C4267: 'argument' : conversion from 'size_t' to 'unsigned int', possible loss of data
     1>D:\Users\Cybernide\Documents\SteerSuite\Release\util\include\Logger.h(65): warning C4251: 'Logger::_fileStream' : class 'std::basic_fstream<_Elem,_Traits>' needs to have dll-interface to be used by clients of class 'Logger'
                 with
                 [
                     _Elem=char,
                     _Traits=std::char_traits<char>
                 ]
     1>D:\Users\Cybernide\Documents\SteerSuite\Release\util\include\Logger.h(66): warning C4251: 'Logger::_fileName' : class 'std::basic_string<_Elem,_Traits,_Alloc>' needs to have dll-interface to be used by clients of class 'Logger'
                 with
                 [
                     _Elem=char,
                     _Traits=std::char_traits<char>,
                     _Alloc=std::allocator<char>
                 ]
     1>D:\Users\Cybernide\Documents\SteerSuite\Release\util\include\Logger.h(69): warning C4251: 'Logger::_fieldNames' : class 'std::vector<_Ty>' needs to have dll-interface to be used by clients of class 'Logger'
                 with
                 [
                     _Ty=std::string
                 ]
     1>D:\Users\Cybernide\Documents\SteerSuite\Release\util\include\Logger.h(70): warning C4251: 'Logger::_dataTypes' : class 'std::vector<_Ty>' needs to have dll-interface to be used by clients of class 'Logger'
                 with
                 [
                     _Ty=DataType
                 ]
     1>..\..\util\src\Logger.cpp(173): warning C4267: 'initializing' : conversion from 'size_t' to 'int', possible loss of data
     1>..\..\util\src\Logger.cpp(290): warning C4267: 'argument' : conversion from 'size_t' to 'unsigned int', possible loss of data
     1>..\..\util\src\Logger.cpp(292): warning C4267: 'argument' : conversion from 'size_t' to 'unsigned int', possible loss of data
     1>..\..\util\src\Logger.cpp(296): warning C4267: 'argument' : conversion from 'size_t' to 'unsigned int', possible loss of data
     1>..\..\util\src\Logger.cpp(298): warning C4267: 'argument' : conversion from 'size_t' to 'unsigned int', possible loss of data
         LogManager.cpp
     1>d:\users\cybernide\documents\steersuite\release\util\include\LogObject.h(24): warning C4251: 'DataItem::string' : class 'std::basic_string<_Elem,_Traits,_Alloc>' needs to have dll-interface to be used by clients of struct 'DataItem'
                 with
                 [
                     _Elem=char,
                     _Traits=std::char_traits<char>,
                     _Alloc=std::allocator<char>
                 ]
     1>d:\users\cybernide\documents\steersuite\release\util\include\LogObject.h(96): warning C4251: 'LogObject::_record' : class 'std::vector<_Ty>' needs to have dll-interface to be used by clients of class 'LogObject'
                 with
                 [
                     _Ty=DataItem
                 ]
     1>d:\users\cybernide\documents\steersuite\release\util\include\LogObject.h(89): warning C4267: 'argument' : conversion from 'size_t' to 'unsigned int', possible loss of data
     1>d:\users\cybernide\documents\steersuite\release\util\include\Logger.h(65): warning C4251: 'Logger::_fileStream' : class 'std::basic_fstream<_Elem,_Traits>' needs to have dll-interface to be used by clients of class 'Logger'
                 with
                 [
                     _Elem=char,
                     _Traits=std::char_traits<char>
                 ]
     1>d:\users\cybernide\documents\steersuite\release\util\include\Logger.h(66): warning C4251: 'Logger::_fileName' : class 'std::basic_string<_Elem,_Traits,_Alloc>' needs to have dll-interface to be used by clients of class 'Logger'
                 with
                 [
                     _Elem=char,
                     _Traits=std::char_traits<char>,
                     _Alloc=std::allocator<char>
                 ]
     1>d:\users\cybernide\documents\steersuite\release\util\include\Logger.h(69): warning C4251: 'Logger::_fieldNames' : class 'std::vector<_Ty>' needs to have dll-interface to be used by clients of class 'Logger'
                 with
                 [
                     _Ty=std::string
                 ]
     1>d:\users\cybernide\documents\steersuite\release\util\include\Logger.h(70): warning C4251: 'Logger::_dataTypes' : class 'std::vector<_Ty>' needs to have dll-interface to be used by clients of class 'Logger'
                 with
                 [
                     _Ty=DataType
                 ]
     1>D:\Users\Cybernide\Documents\SteerSuite\Release\util\include\LogManager.h(36): warning C4251: 'LogManager::_loggers' : class 'std::map<_Kty,_Ty>' needs to have dll-interface to be used by clients of class 'LogManager'
                 with
                 [
                     _Kty=std::string,
                     _Ty=Logger *
                 ]
         LogObject.cpp
     1>D:\Users\Cybernide\Documents\SteerSuite\Release\util\include\LogObject.h(24): warning C4251: 'DataItem::string' : class 'std::basic_string<_Elem,_Traits,_Alloc>' needs to have dll-interface to be used by clients of struct 'DataItem'
                 with
                 [
                     _Elem=char,
                     _Traits=std::char_traits<char>,
                     _Alloc=std::allocator<char>
                 ]
     1>D:\Users\Cybernide\Documents\SteerSuite\Release\util\include\LogObject.h(96): warning C4251: 'LogObject::_record' : class 'std::vector<_Ty>' needs to have dll-interface to be used by clients of class 'LogObject'
                 with
                 [
                     _Ty=DataItem
                 ]
     1>D:\Users\Cybernide\Documents\SteerSuite\Release\util\include\LogObject.h(89): warning C4267: 'argument' : conversion from 'size_t' to 'unsigned int', possible loss of data
     1>D:\Users\Cybernide\Documents\SteerSuite\Release\util\include\LogObject.h(55): warning C4244: '=' : conversion from 'int' to 'float', possible loss of data
                 ..\..\util\src\LogObject.cpp(35) : see reference to function template instantiation 'void LogObject::addLogData<int>(T)' being compiled
                 with
                 [
                     T=int
                 ]
     1>D:\Users\Cybernide\Documents\SteerSuite\Release\util\include\LogObject.h(65): warning C4244: 'argument' : conversion from 'int' to 'char', possible loss of data
     1>D:\Users\Cybernide\Documents\SteerSuite\Release\util\include\LogObject.h(47): warning C4244: '=' : conversion from 'float' to 'int', possible loss of data
                 ..\..\util\src\LogObject.cpp(61) : see reference to function template instantiation 'void LogObject::addLogData<float>(T)' being compiled
                 with
                 [
                     T=float
                 ]
     1>D:\Users\Cybernide\Documents\SteerSuite\Release\util\include\LogObject.h(60): warning C4244: '=' : conversion from 'float' to '__int64', possible loss of data
     1>D:\Users\Cybernide\Documents\SteerSuite\Release\util\include\LogObject.h(65): warning C4244: 'argument' : conversion from 'float' to 'char', possible loss of data
         Generating Code...
     1>d:\users\cybernide\documents\steersuite\release\util\src\logger.cpp(273): warning C4701: potentially uninitialized local variable 'dataType' used
       Link:
         C:\Program Files (x86)\Microsoft Visual Studio 11.0\VC\bin\x86_amd64\link.exe /ERRORREPORT:PROMPT /OUT:"..\bin\util.dll" /INCREMENTAL:NO /NOLOGO /LIBPATH:..\lib kernel32.lib user32.lib gdi32.lib winspool.lib comdlg32.lib advapi32.lib shell32.lib ole32.lib oleaut32.lib uuid.lib odbc32.lib odbccp32.lib /MANIFEST /MANIFESTUAC:"level='asInvoker' uiAccess='false'" /manifest:embed /DEBUG /PDB:"..\bin\util.pdb" /SUBSYSTEM:WINDOWS /OPT:REF /OPT:ICF /TLBID:1 /DYNAMICBASE /NXCOMPAT /IMPLIB:"..\bin\util.lib" /MACHINE:X64 /DLL obj\x64\Release\util\AStarLite.obj
         obj\x64\Release\util\AStarLiteClose.obj
         obj\x64\Release\util\AStarLiteNode.obj
         obj\x64\Release\util\AStarLiteOpen.obj
         obj\x64\Release\util\LogData.obj
         obj\x64\Release\util\Logger.obj
         obj\x64\Release\util\LogManager.obj
         obj\x64\Release\util\LogObject.obj
            Creating library ..\bin\util.lib and object ..\bin\util.exp
         util.vcxproj -> D:\Users\Cybernide\Documents\SteerSuite\Release\build\vs2012\..\bin\util.dll
     1>Done Building Project "D:\Users\Cybernide\Documents\SteerSuite\Release\build\vs2012\util.vcxproj" (Build target(s)).

Build succeeded.

Time Elapsed 00:00:05.05
