D:\USERS\CYBERNIDE\DOCUMENTS\STEERSUITE\RELEASE\BUILD\VS2012\OBJ\DEBUG\DETOUR\DETOURALLOC.OBJ
D:\USERS\CYBERNIDE\DOCUMENTS\STEERSUITE\RELEASE\BUILD\VS2012\OBJ\DEBUG\DETOUR\DETOURCOMMON.OBJ
D:\USERS\CYBERNIDE\DOCUMENTS\STEERSUITE\RELEASE\BUILD\VS2012\OBJ\DEBUG\DETOUR\DETOURNAVMESH.OBJ
D:\USERS\CYBERNIDE\DOCUMENTS\STEERSUITE\RELEASE\BUILD\VS2012\OBJ\DEBUG\DETOUR\DETOURNAVMESHBUILDER.OBJ
D:\USERS\CYBERNIDE\DOCUMENTS\STEERSUITE\RELEASE\BUILD\VS2012\OBJ\DEBUG\DETOUR\DETOURNAVMESHQUERY.OBJ
D:\USERS\CYBERNIDE\DOCUMENTS\STEERSUITE\RELEASE\BUILD\VS2012\OBJ\DEBUG\DETOUR\DETOURNODE.OBJ
D:\USERS\CYBERNIDE\DOCUMENTS\STEERSUITE\RELEASE\BUILD\BIN\DETOUR.PDB
D:\USERS\CYBERNIDE\DOCUMENTS\STEERSUITE\RELEASE\BUILD\BIN\DETOUR.LIB
D:\Users\Cybernide\Documents\SteerSuite\Release\build\vs2012\obj\Debug\Detour\Detour.vcxprojResolveAssemblyReference.cache
D:\Users\Cybernide\Documents\SteerSuite\Release\build\vs2012\obj\Debug\Detour\DetourAlloc.obj
D:\Users\Cybernide\Documents\SteerSuite\Release\build\vs2012\obj\Debug\Detour\DetourCommon.obj
D:\Users\Cybernide\Documents\SteerSuite\Release\build\vs2012\obj\Debug\Detour\DetourNavMesh.obj
D:\Users\Cybernide\Documents\SteerSuite\Release\build\vs2012\obj\Debug\Detour\DetourNavMeshBuilder.obj
D:\Users\Cybernide\Documents\SteerSuite\Release\build\vs2012\obj\Debug\Detour\DetourNavMeshQuery.obj
D:\Users\Cybernide\Documents\SteerSuite\Release\build\vs2012\obj\Debug\Detour\DetourNode.obj
D:\Users\Cybernide\Documents\SteerSuite\Release\build\vs2012\obj\Debug\Detour\cl.command.1.tlog
D:\Users\Cybernide\Documents\SteerSuite\Release\build\vs2012\obj\Debug\Detour\CL.read.1.tlog
D:\Users\Cybernide\Documents\SteerSuite\Release\build\vs2012\obj\Debug\Detour\CL.write.1.tlog
D:\Users\Cybernide\Documents\SteerSuite\Release\build\vs2012\obj\Debug\Detour\Lib-link.read.1.tlog
D:\Users\Cybernide\Documents\SteerSuite\Release\build\vs2012\obj\Debug\Detour\Lib-link.write.1.tlog
D:\Users\Cybernide\Documents\SteerSuite\Release\build\vs2012\obj\Debug\Detour\lib.command.1.tlog
D:\Users\Cybernide\Documents\SteerSuite\Release\build\vs2012\..\bin\Detour.lib
