Build started 09/11/2015 9:17:01 PM.
     1>Project "D:\Users\Cybernide\Documents\SteerSuite\Release\build\vs2012\navmesh.vcxproj" on node 4 (Build target(s)).
     1>Link:
         C:\Program Files (x86)\Microsoft Visual Studio 11.0\VC\bin\link.exe /ERRORREPORT:PROMPT /OUT:"..\bin\navmesh.dll" /INCREMENTAL /NOLOGO /LIBPATH:..\lib kernel32.lib user32.lib gdi32.lib winspool.lib comdlg32.lib advapi32.lib shell32.lib ole32.lib oleaut32.lib uuid.lib odbc32.lib odbccp32.lib /MANIFEST /MANIFESTUAC:"level='asInvoker' uiAccess='false'" /manifest:embed /DEBUG /PDB:"..\bin\navmesh.pdb" /SUBSYSTEM:WINDOWS /TLBID:1 /DYNAMICBASE /NXCOMPAT /IMPLIB:"..\bin\navmesh.lib" /MACHINE:X86 /DLL obj\Debug\navmesh\ChunkyTriMesh.obj
         obj\Debug\navmesh\ConvexVolumeTool.obj
         obj\Debug\navmesh\CrowdTool.obj
         obj\Debug\navmesh\imgui.obj
         obj\Debug\navmesh\imguiRenderGL.obj
         obj\Debug\navmesh\InputGeom.obj
         obj\Debug\navmesh\Main.obj
         obj\Debug\navmesh\Mesh.obj
         obj\Debug\navmesh\MeshLoaderObj.obj
         obj\Debug\navmesh\NavMeshModule.obj
         obj\Debug\navmesh\NavMeshPruneTool.obj
         obj\Debug\navmesh\NavMeshTesterTool.obj
         obj\Debug\navmesh\OffMeshConnectionTool.obj
         obj\Debug\navmesh\PerfTimer.obj
         obj\Debug\navmesh\RecaseNavMeshPlanner.obj
         obj\Debug\navmesh\Sample.obj
         obj\Debug\navmesh\SampleInterfaces.obj
         obj\Debug\navmesh\Sample_SoloMesh.obj
         obj\Debug\navmesh\Timer.obj
         obj\Debug\navmesh\ValueHistory.obj
         D:\Users\Cybernide\Documents\SteerSuite\Release\build\bin\steerlib.lib
         D:\Users\Cybernide\Documents\SteerSuite\Release\build\bin\steersimlib.lib
         D:\Users\Cybernide\Documents\SteerSuite\Release\build\bin\util.lib
         D:\Users\Cybernide\Documents\SteerSuite\Release\build\bin\Recast.lib
         D:\Users\Cybernide\Documents\SteerSuite\Release\build\bin\Detour.lib
         D:\Users\Cybernide\Documents\SteerSuite\Release\build\bin\DebugUtils.lib
         D:\Users\Cybernide\Documents\SteerSuite\Release\build\bin\DetourCrowd.lib
            Creating library ..\bin\navmesh.lib and object ..\bin\navmesh.exp
         navmesh.vcxproj -> D:\Users\Cybernide\Documents\SteerSuite\Release\build\vs2012\..\bin\navmesh.dll
     1>Done Building Project "D:\Users\Cybernide\Documents\SteerSuite\Release\build\vs2012\navmesh.vcxproj" (Build target(s)).

Build succeeded.

Time Elapsed 00:00:11.77
