D:\USERS\CYBERNIDE\DOCUMENTS\STEERSUITE\RELEASE\BUILD\VS2012\OBJ\DEBUG\NAVMESH\CHUNKYTRIMESH.OBJ
D:\USERS\CYBERNIDE\DOCUMENTS\STEERSUITE\RELEASE\BUILD\VS2012\OBJ\DEBUG\NAVMESH\CONVEXVOLUMETOOL.OBJ
D:\USERS\CYBERNIDE\DOCUMENTS\STEERSUITE\RELEASE\BUILD\VS2012\OBJ\DEBUG\NAVMESH\IMGUI.OBJ
D:\USERS\CYBERNIDE\DOCUMENTS\STEERSUITE\RELEASE\BUILD\VS2012\OBJ\DEBUG\NAVMESH\INPUTGEOM.OBJ
D:\USERS\CYBERNIDE\DOCUMENTS\STEERSUITE\RELEASE\BUILD\VS2012\OBJ\DEBUG\NAVMESH\MESHLOADEROBJ.OBJ
D:\USERS\CYBERNIDE\DOCUMENTS\STEERSUITE\RELEASE\BUILD\VS2012\OBJ\DEBUG\NAVMESH\NAVMESHPRUNETOOL.OBJ
D:\USERS\CYBERNIDE\DOCUMENTS\STEERSUITE\RELEASE\BUILD\VS2012\OBJ\DEBUG\NAVMESH\PERFTIMER.OBJ
D:\USERS\CYBERNIDE\DOCUMENTS\STEERSUITE\RELEASE\BUILD\VS2012\OBJ\DEBUG\NAVMESH\SAMPLE.OBJ
D:\USERS\CYBERNIDE\DOCUMENTS\STEERSUITE\RELEASE\BUILD\VS2012\OBJ\DEBUG\NAVMESH\TIMER.OBJ
D:\USERS\CYBERNIDE\DOCUMENTS\STEERSUITE\RELEASE\BUILD\VS2012\OBJ\DEBUG\NAVMESH\VALUEHISTORY.OBJ
D:\USERS\CYBERNIDE\DOCUMENTS\STEERSUITE\RELEASE\BUILD\BIN\NAVMESH.PDB
D:\USERS\CYBERNIDE\DOCUMENTS\STEERSUITE\RELEASE\BUILD\VS2012\OBJ\DEBUG\NAVMESH\MAIN.OBJ
D:\USERS\CYBERNIDE\DOCUMENTS\STEERSUITE\RELEASE\BUILD\VS2012\OBJ\DEBUG\NAVMESH\CROWDTOOL.OBJ
D:\USERS\CYBERNIDE\DOCUMENTS\STEERSUITE\RELEASE\BUILD\VS2012\OBJ\DEBUG\NAVMESH\MESH.OBJ
D:\USERS\CYBERNIDE\DOCUMENTS\STEERSUITE\RELEASE\BUILD\VS2012\OBJ\DEBUG\NAVMESH\NAVMESHMODULE.OBJ
D:\USERS\CYBERNIDE\DOCUMENTS\STEERSUITE\RELEASE\BUILD\VS2012\OBJ\DEBUG\NAVMESH\NAVMESHTESTERTOOL.OBJ
D:\USERS\CYBERNIDE\DOCUMENTS\STEERSUITE\RELEASE\BUILD\VS2012\OBJ\DEBUG\NAVMESH\OFFMESHCONNECTIONTOOL.OBJ
D:\USERS\CYBERNIDE\DOCUMENTS\STEERSUITE\RELEASE\BUILD\VS2012\OBJ\DEBUG\NAVMESH\RECASENAVMESHPLANNER.OBJ
D:\USERS\CYBERNIDE\DOCUMENTS\STEERSUITE\RELEASE\BUILD\VS2012\OBJ\DEBUG\NAVMESH\SAMPLEINTERFACES.OBJ
D:\USERS\CYBERNIDE\DOCUMENTS\STEERSUITE\RELEASE\BUILD\VS2012\OBJ\DEBUG\NAVMESH\SAMPLE_SOLOMESH.OBJ
D:\USERS\CYBERNIDE\DOCUMENTS\STEERSUITE\RELEASE\BUILD\VS2012\OBJ\DEBUG\NAVMESH\IMGUIRENDERGL.OBJ
D:\Users\Cybernide\Documents\SteerSuite\Release\build\bin\navmesh.lib
D:\Users\Cybernide\Documents\SteerSuite\Release\build\bin\navmesh.exp
D:\Users\Cybernide\Documents\SteerSuite\Release\build\vs2012\obj\Debug\navmesh\navmesh.vcxprojResolveAssemblyReference.cache
D:\Users\Cybernide\Documents\SteerSuite\Release\build\vs2012\obj\Debug\navmesh\ChunkyTriMesh.obj
D:\Users\Cybernide\Documents\SteerSuite\Release\build\vs2012\obj\Debug\navmesh\ConvexVolumeTool.obj
D:\Users\Cybernide\Documents\SteerSuite\Release\build\vs2012\obj\Debug\navmesh\CrowdTool.obj
D:\Users\Cybernide\Documents\SteerSuite\Release\build\vs2012\obj\Debug\navmesh\imgui.obj
D:\Users\Cybernide\Documents\SteerSuite\Release\build\vs2012\obj\Debug\navmesh\imguiRenderGL.obj
D:\Users\Cybernide\Documents\SteerSuite\Release\build\vs2012\obj\Debug\navmesh\InputGeom.obj
D:\Users\Cybernide\Documents\SteerSuite\Release\build\vs2012\obj\Debug\navmesh\Main.obj
D:\Users\Cybernide\Documents\SteerSuite\Release\build\vs2012\obj\Debug\navmesh\Mesh.obj
D:\Users\Cybernide\Documents\SteerSuite\Release\build\vs2012\obj\Debug\navmesh\MeshLoaderObj.obj
D:\Users\Cybernide\Documents\SteerSuite\Release\build\vs2012\obj\Debug\navmesh\NavMeshModule.obj
D:\Users\Cybernide\Documents\SteerSuite\Release\build\vs2012\obj\Debug\navmesh\NavMeshPruneTool.obj
D:\Users\Cybernide\Documents\SteerSuite\Release\build\vs2012\obj\Debug\navmesh\NavMeshTesterTool.obj
D:\Users\Cybernide\Documents\SteerSuite\Release\build\vs2012\obj\Debug\navmesh\OffMeshConnectionTool.obj
D:\Users\Cybernide\Documents\SteerSuite\Release\build\vs2012\obj\Debug\navmesh\PerfTimer.obj
D:\Users\Cybernide\Documents\SteerSuite\Release\build\vs2012\obj\Debug\navmesh\RecaseNavMeshPlanner.obj
D:\Users\Cybernide\Documents\SteerSuite\Release\build\vs2012\obj\Debug\navmesh\Sample.obj
D:\Users\Cybernide\Documents\SteerSuite\Release\build\vs2012\obj\Debug\navmesh\SampleInterfaces.obj
D:\Users\Cybernide\Documents\SteerSuite\Release\build\vs2012\obj\Debug\navmesh\Sample_SoloMesh.obj
D:\Users\Cybernide\Documents\SteerSuite\Release\build\vs2012\obj\Debug\navmesh\Timer.obj
D:\Users\Cybernide\Documents\SteerSuite\Release\build\vs2012\obj\Debug\navmesh\ValueHistory.obj
D:\Users\Cybernide\Documents\SteerSuite\Release\build\vs2012\obj\Debug\navmesh\cl.command.1.tlog
D:\Users\Cybernide\Documents\SteerSuite\Release\build\vs2012\obj\Debug\navmesh\CL.read.1.tlog
D:\Users\Cybernide\Documents\SteerSuite\Release\build\vs2012\obj\Debug\navmesh\CL.write.1.tlog
D:\Users\Cybernide\Documents\SteerSuite\Release\build\vs2012\obj\Debug\navmesh\link-cvtres.read.1.tlog
D:\Users\Cybernide\Documents\SteerSuite\Release\build\vs2012\obj\Debug\navmesh\link-cvtres.write.1.tlog
D:\Users\Cybernide\Documents\SteerSuite\Release\build\vs2012\obj\Debug\navmesh\link-rc.read.1.tlog
D:\Users\Cybernide\Documents\SteerSuite\Release\build\vs2012\obj\Debug\navmesh\link-rc.write.1.tlog
D:\Users\Cybernide\Documents\SteerSuite\Release\build\vs2012\obj\Debug\navmesh\link.5908-cvtres.read.1.tlog
D:\Users\Cybernide\Documents\SteerSuite\Release\build\vs2012\obj\Debug\navmesh\link.5908-cvtres.write.1.tlog
D:\Users\Cybernide\Documents\SteerSuite\Release\build\vs2012\obj\Debug\navmesh\link.5908-rc.read.1.tlog
D:\Users\Cybernide\Documents\SteerSuite\Release\build\vs2012\obj\Debug\navmesh\link.5908-rc.write.1.tlog
D:\Users\Cybernide\Documents\SteerSuite\Release\build\vs2012\obj\Debug\navmesh\link.5908.read.1.tlog
D:\Users\Cybernide\Documents\SteerSuite\Release\build\vs2012\obj\Debug\navmesh\link.5908.write.1.tlog
D:\Users\Cybernide\Documents\SteerSuite\Release\build\vs2012\obj\Debug\navmesh\link.command.1.tlog
D:\Users\Cybernide\Documents\SteerSuite\Release\build\vs2012\obj\Debug\navmesh\link.read.1.tlog
D:\Users\Cybernide\Documents\SteerSuite\Release\build\vs2012\obj\Debug\navmesh\link.write.1.tlog
D:\Users\Cybernide\Documents\SteerSuite\Release\build\vs2012\obj\Debug\navmesh\navmesh.write.1.tlog
