D:\USERS\CYBERNIDE\DOCUMENTS\STEERSUITE\RELEASE\BUILD\VS2012\OBJ\DEBUG\STEERSIMLIB\CLOCKWIDGET.OBJ
D:\USERS\CYBERNIDE\DOCUMENTS\STEERSUITE\RELEASE\BUILD\VS2012\OBJ\DEBUG\STEERSIMLIB\COMMANDLINEENGINEDRIVER.OBJ
D:\USERS\CYBERNIDE\DOCUMENTS\STEERSUITE\RELEASE\BUILD\VS2012\OBJ\DEBUG\STEERSIMLIB\CONSOLEWIDGET.OBJ
D:\USERS\CYBERNIDE\DOCUMENTS\STEERSUITE\RELEASE\BUILD\VS2012\OBJ\DEBUG\STEERSIMLIB\GLFWENGINEDRIVER.OBJ
D:\USERS\CYBERNIDE\DOCUMENTS\STEERSUITE\RELEASE\BUILD\VS2012\OBJ\DEBUG\STEERSIMLIB\GLOBALEVENTFILTER.OBJ
D:\USERS\CYBERNIDE\DOCUMENTS\STEERSUITE\RELEASE\BUILD\VS2012\OBJ\DEBUG\STEERSIMLIB\GLWIDGET.OBJ
D:\USERS\CYBERNIDE\DOCUMENTS\STEERSUITE\RELEASE\BUILD\VS2012\OBJ\DEBUG\STEERSIMLIB\MODULEMANAGERWIDGET.OBJ
D:\USERS\CYBERNIDE\DOCUMENTS\STEERSUITE\RELEASE\BUILD\VS2012\OBJ\DEBUG\STEERSIMLIB\QTENGINECONTROLLER.OBJ
D:\USERS\CYBERNIDE\DOCUMENTS\STEERSUITE\RELEASE\BUILD\VS2012\OBJ\DEBUG\STEERSIMLIB\QTENGINEDRIVER.OBJ
D:\USERS\CYBERNIDE\DOCUMENTS\STEERSUITE\RELEASE\BUILD\VS2012\OBJ\DEBUG\STEERSIMLIB\RECFILEPLAYERWIDGET.OBJ
D:\USERS\CYBERNIDE\DOCUMENTS\STEERSUITE\RELEASE\BUILD\VS2012\OBJ\DEBUG\STEERSIMLIB\STEERSIM.OBJ
D:\USERS\CYBERNIDE\DOCUMENTS\STEERSUITE\RELEASE\BUILD\VS2012\OBJ\DEBUG\STEERSIMLIB\TESTCASEPLAYERWIDGET.OBJ
D:\USERS\CYBERNIDE\DOCUMENTS\STEERSUITE\RELEASE\BUILD\BIN\STEERSIMLIB.PDB
D:\Users\Cybernide\Documents\SteerSuite\Release\build\bin\steersimlib.lib
D:\Users\Cybernide\Documents\SteerSuite\Release\build\bin\steersimlib.exp
D:\Users\Cybernide\Documents\SteerSuite\Release\build\vs2012\obj\Debug\steersimlib\steersimlib.vcxprojResolveAssemblyReference.cache
D:\Users\Cybernide\Documents\SteerSuite\Release\build\vs2012\obj\Debug\steersimlib\ClockWidget.obj
D:\Users\Cybernide\Documents\SteerSuite\Release\build\vs2012\obj\Debug\steersimlib\CommandLineEngineDriver.obj
D:\Users\Cybernide\Documents\SteerSuite\Release\build\vs2012\obj\Debug\steersimlib\ConsoleWidget.obj
D:\Users\Cybernide\Documents\SteerSuite\Release\build\vs2012\obj\Debug\steersimlib\GLFWEngineDriver.obj
D:\Users\Cybernide\Documents\SteerSuite\Release\build\vs2012\obj\Debug\steersimlib\GlobalEventFilter.obj
D:\Users\Cybernide\Documents\SteerSuite\Release\build\vs2012\obj\Debug\steersimlib\GLWidget.obj
D:\Users\Cybernide\Documents\SteerSuite\Release\build\vs2012\obj\Debug\steersimlib\ModuleManagerWidget.obj
D:\Users\Cybernide\Documents\SteerSuite\Release\build\vs2012\obj\Debug\steersimlib\QtEngineController.obj
D:\Users\Cybernide\Documents\SteerSuite\Release\build\vs2012\obj\Debug\steersimlib\QtEngineDriver.obj
D:\Users\Cybernide\Documents\SteerSuite\Release\build\vs2012\obj\Debug\steersimlib\RecFilePlayerWidget.obj
D:\Users\Cybernide\Documents\SteerSuite\Release\build\vs2012\obj\Debug\steersimlib\SteerSim.obj
D:\Users\Cybernide\Documents\SteerSuite\Release\build\vs2012\obj\Debug\steersimlib\TestCasePlayerWidget.obj
D:\Users\Cybernide\Documents\SteerSuite\Release\build\vs2012\obj\Debug\steersimlib\cl.command.1.tlog
D:\Users\Cybernide\Documents\SteerSuite\Release\build\vs2012\obj\Debug\steersimlib\CL.read.1.tlog
D:\Users\Cybernide\Documents\SteerSuite\Release\build\vs2012\obj\Debug\steersimlib\CL.write.1.tlog
D:\Users\Cybernide\Documents\SteerSuite\Release\build\vs2012\obj\Debug\steersimlib\link-cvtres.read.1.tlog
D:\Users\Cybernide\Documents\SteerSuite\Release\build\vs2012\obj\Debug\steersimlib\link-cvtres.write.1.tlog
D:\Users\Cybernide\Documents\SteerSuite\Release\build\vs2012\obj\Debug\steersimlib\link-rc.read.1.tlog
D:\Users\Cybernide\Documents\SteerSuite\Release\build\vs2012\obj\Debug\steersimlib\link-rc.write.1.tlog
D:\Users\Cybernide\Documents\SteerSuite\Release\build\vs2012\obj\Debug\steersimlib\link.4252-cvtres.read.1.tlog
D:\Users\Cybernide\Documents\SteerSuite\Release\build\vs2012\obj\Debug\steersimlib\link.4252-cvtres.write.1.tlog
D:\Users\Cybernide\Documents\SteerSuite\Release\build\vs2012\obj\Debug\steersimlib\link.4252-rc.read.1.tlog
D:\Users\Cybernide\Documents\SteerSuite\Release\build\vs2012\obj\Debug\steersimlib\link.4252-rc.write.1.tlog
D:\Users\Cybernide\Documents\SteerSuite\Release\build\vs2012\obj\Debug\steersimlib\link.4252.read.1.tlog
D:\Users\Cybernide\Documents\SteerSuite\Release\build\vs2012\obj\Debug\steersimlib\link.4252.write.1.tlog
D:\Users\Cybernide\Documents\SteerSuite\Release\build\vs2012\obj\Debug\steersimlib\link.4760-cvtres.read.1.tlog
D:\Users\Cybernide\Documents\SteerSuite\Release\build\vs2012\obj\Debug\steersimlib\link.4760-cvtres.write.1.tlog
D:\Users\Cybernide\Documents\SteerSuite\Release\build\vs2012\obj\Debug\steersimlib\link.4760-rc.read.1.tlog
D:\Users\Cybernide\Documents\SteerSuite\Release\build\vs2012\obj\Debug\steersimlib\link.4760-rc.write.1.tlog
D:\Users\Cybernide\Documents\SteerSuite\Release\build\vs2012\obj\Debug\steersimlib\link.4760.read.1.tlog
D:\Users\Cybernide\Documents\SteerSuite\Release\build\vs2012\obj\Debug\steersimlib\link.4760.write.1.tlog
D:\Users\Cybernide\Documents\SteerSuite\Release\build\vs2012\obj\Debug\steersimlib\link.4824-cvtres.read.1.tlog
D:\Users\Cybernide\Documents\SteerSuite\Release\build\vs2012\obj\Debug\steersimlib\link.4824-cvtres.write.1.tlog
D:\Users\Cybernide\Documents\SteerSuite\Release\build\vs2012\obj\Debug\steersimlib\link.4824-rc.read.1.tlog
D:\Users\Cybernide\Documents\SteerSuite\Release\build\vs2012\obj\Debug\steersimlib\link.4824-rc.write.1.tlog
D:\Users\Cybernide\Documents\SteerSuite\Release\build\vs2012\obj\Debug\steersimlib\link.4824.read.1.tlog
D:\Users\Cybernide\Documents\SteerSuite\Release\build\vs2012\obj\Debug\steersimlib\link.4824.write.1.tlog
D:\Users\Cybernide\Documents\SteerSuite\Release\build\vs2012\obj\Debug\steersimlib\link.command.1.tlog
D:\Users\Cybernide\Documents\SteerSuite\Release\build\vs2012\obj\Debug\steersimlib\link.read.1.tlog
D:\Users\Cybernide\Documents\SteerSuite\Release\build\vs2012\obj\Debug\steersimlib\link.write.1.tlog
D:\Users\Cybernide\Documents\SteerSuite\Release\build\vs2012\obj\Debug\steersimlib\steersimlib.write.1.tlog
