D:\USERS\CYBERNIDE\DOCUMENTS\STEERSUITE\RELEASE\BUILD\VS2012\OBJ\DEBUG\DETOURCROWD\DETOURCROWD.OBJ
D:\USERS\CYBERNIDE\DOCUMENTS\STEERSUITE\RELEASE\BUILD\VS2012\OBJ\DEBUG\DETOURCROWD\DETOURLOCALBOUNDARY.OBJ
D:\USERS\CYBERNIDE\DOCUMENTS\STEERSUITE\RELEASE\BUILD\VS2012\OBJ\DEBUG\DETOURCROWD\DETOUROBSTACLEAVOIDANCE.OBJ
D:\USERS\CYBERNIDE\DOCUMENTS\STEERSUITE\RELEASE\BUILD\VS2012\OBJ\DEBUG\DETOURCROWD\DETOURPATHCORRIDOR.OBJ
D:\USERS\CYBERNIDE\DOCUMENTS\STEERSUITE\RELEASE\BUILD\VS2012\OBJ\DEBUG\DETOURCROWD\DETOURPATHQUEUE.OBJ
D:\USERS\CYBERNIDE\DOCUMENTS\STEERSUITE\RELEASE\BUILD\VS2012\OBJ\DEBUG\DETOURCROWD\DETOURPROXIMITYGRID.OBJ
D:\USERS\CYBERNIDE\DOCUMENTS\STEERSUITE\RELEASE\BUILD\BIN\DETOURCROWD.PDB
D:\USERS\CYBERNIDE\DOCUMENTS\STEERSUITE\RELEASE\BUILD\BIN\DETOURCROWD.LIB
D:\Users\Cybernide\Documents\SteerSuite\Release\build\vs2012\obj\Debug\DetourCrowd\DetourCrowd.vcxprojResolveAssemblyReference.cache
D:\Users\Cybernide\Documents\SteerSuite\Release\build\vs2012\obj\Debug\DetourCrowd\DetourCrowd.obj
D:\Users\Cybernide\Documents\SteerSuite\Release\build\vs2012\obj\Debug\DetourCrowd\DetourLocalBoundary.obj
D:\Users\Cybernide\Documents\SteerSuite\Release\build\vs2012\obj\Debug\DetourCrowd\DetourObstacleAvoidance.obj
D:\Users\Cybernide\Documents\SteerSuite\Release\build\vs2012\obj\Debug\DetourCrowd\DetourPathCorridor.obj
D:\Users\Cybernide\Documents\SteerSuite\Release\build\vs2012\obj\Debug\DetourCrowd\DetourPathQueue.obj
D:\Users\Cybernide\Documents\SteerSuite\Release\build\vs2012\obj\Debug\DetourCrowd\DetourProximityGrid.obj
D:\Users\Cybernide\Documents\SteerSuite\Release\build\vs2012\obj\Debug\DetourCrowd\cl.command.1.tlog
D:\Users\Cybernide\Documents\SteerSuite\Release\build\vs2012\obj\Debug\DetourCrowd\CL.read.1.tlog
D:\Users\Cybernide\Documents\SteerSuite\Release\build\vs2012\obj\Debug\DetourCrowd\CL.write.1.tlog
D:\Users\Cybernide\Documents\SteerSuite\Release\build\vs2012\obj\Debug\DetourCrowd\Lib-link.read.1.tlog
D:\Users\Cybernide\Documents\SteerSuite\Release\build\vs2012\obj\Debug\DetourCrowd\Lib-link.write.1.tlog
D:\Users\Cybernide\Documents\SteerSuite\Release\build\vs2012\obj\Debug\DetourCrowd\lib.command.1.tlog
D:\Users\Cybernide\Documents\SteerSuite\Release\build\vs2012\..\bin\DetourCrowd.lib
