D:\USERS\CYBERNIDE\DOCUMENTS\STEERSUITE\RELEASE\BUILD\VS2012\OBJ\RELEASE\STEERLIB\GRIDDATABASEPLANNINGDOMAIN.OBJ
D:\USERS\CYBERNIDE\DOCUMENTS\STEERSUITE\RELEASE\BUILD\VS2012\OBJ\RELEASE\STEERLIB\GRIDDATABASE2D.OBJ
D:\USERS\CYBERNIDE\DOCUMENTS\STEERSUITE\RELEASE\BUILD\VS2012\OBJ\RELEASE\STEERLIB\FRAMESAVER.OBJ
D:\USERS\CYBERNIDE\DOCUMENTS\STEERSUITE\RELEASE\BUILD\VS2012\OBJ\RELEASE\STEERLIB\DYNAMICLIBRARY.OBJ
D:\USERS\CYBERNIDE\DOCUMENTS\STEERSUITE\RELEASE\BUILD\VS2012\OBJ\RELEASE\STEERLIB\DRAWLIB.OBJ
D:\USERS\CYBERNIDE\DOCUMENTS\STEERSUITE\RELEASE\BUILD\VS2012\OBJ\RELEASE\STEERLIB\COMPOSITETECHNIQUEPLE.OBJ
D:\USERS\CYBERNIDE\DOCUMENTS\STEERSUITE\RELEASE\BUILD\VS2012\OBJ\RELEASE\STEERLIB\COMPOSITETECHNIQUEGRAPH.OBJ
D:\USERS\CYBERNIDE\DOCUMENTS\STEERSUITE\RELEASE\BUILD\VS2012\OBJ\RELEASE\STEERLIB\COMPOSITETECHNIQUEENTROPY.OBJ
D:\USERS\CYBERNIDE\DOCUMENTS\STEERSUITE\RELEASE\BUILD\VS2012\OBJ\RELEASE\STEERLIB\COMPOSITETECHNIQUE02.OBJ
D:\USERS\CYBERNIDE\DOCUMENTS\STEERSUITE\RELEASE\BUILD\VS2012\OBJ\RELEASE\STEERLIB\COMPOSITETECHNIQUE01.OBJ
D:\USERS\CYBERNIDE\DOCUMENTS\STEERSUITE\RELEASE\BUILD\VS2012\OBJ\RELEASE\STEERLIB\COMMANDLINEPARSER.OBJ
D:\USERS\CYBERNIDE\DOCUMENTS\STEERSUITE\RELEASE\BUILD\VS2012\OBJ\RELEASE\STEERLIB\CLOCK.OBJ
D:\USERS\CYBERNIDE\DOCUMENTS\STEERSUITE\RELEASE\BUILD\VS2012\OBJ\RELEASE\STEERLIB\CIRCLEOBSTACLE.OBJ
D:\USERS\CYBERNIDE\DOCUMENTS\STEERSUITE\RELEASE\BUILD\VS2012\OBJ\RELEASE\STEERLIB\CAMERA.OBJ
D:\USERS\CYBERNIDE\DOCUMENTS\STEERSUITE\RELEASE\BUILD\VS2012\OBJ\RELEASE\STEERLIB\BOXOBSTACLE.OBJ
D:\USERS\CYBERNIDE\DOCUMENTS\STEERSUITE\RELEASE\BUILD\VS2012\OBJ\RELEASE\STEERLIB\BENCHMARKENGINE.OBJ
D:\USERS\CYBERNIDE\DOCUMENTS\STEERSUITE\RELEASE\BUILD\VS2012\OBJ\RELEASE\STEERLIB\BEHAVIOUR.OBJ
D:\USERS\CYBERNIDE\DOCUMENTS\STEERSUITE\RELEASE\BUILD\VS2012\OBJ\RELEASE\STEERLIB\BEHAVIORPARAMETER.OBJ
D:\USERS\CYBERNIDE\DOCUMENTS\STEERSUITE\RELEASE\BUILD\VS2012\OBJ\RELEASE\STEERLIB\AGENTMETRICSCOLLECTOR.OBJ
D:\USERS\CYBERNIDE\DOCUMENTS\STEERSUITE\RELEASE\BUILD\VS2012\OBJ\RELEASE\STEERLIB\AGENTINTERFACE.OBJ
D:\USERS\CYBERNIDE\DOCUMENTS\STEERSUITE\RELEASE\BUILD\VS2012\OBJ\RELEASE\STEERLIB\TESTCASEWRITER.OBJ
D:\USERS\CYBERNIDE\DOCUMENTS\STEERSUITE\RELEASE\BUILD\VS2012\OBJ\RELEASE\STEERLIB\TESTCASEREADERPRIVATE.OBJ
D:\USERS\CYBERNIDE\DOCUMENTS\STEERSUITE\RELEASE\BUILD\VS2012\OBJ\RELEASE\STEERLIB\TESTCASEREADER.OBJ
D:\USERS\CYBERNIDE\DOCUMENTS\STEERSUITE\RELEASE\BUILD\VS2012\OBJ\RELEASE\STEERLIB\TESTCASEPLAYERMODULE.OBJ
D:\USERS\CYBERNIDE\DOCUMENTS\STEERSUITE\RELEASE\BUILD\VS2012\OBJ\RELEASE\STEERLIB\STEERINGCOMMAND.OBJ
D:\USERS\CYBERNIDE\DOCUMENTS\STEERSUITE\RELEASE\BUILD\VS2012\OBJ\RELEASE\STEERLIB\STATEMACHINE.OBJ
D:\USERS\CYBERNIDE\DOCUMENTS\STEERSUITE\RELEASE\BUILD\VS2012\OBJ\RELEASE\STEERLIB\SIMULATIONRECORDERMODULE.OBJ
D:\USERS\CYBERNIDE\DOCUMENTS\STEERSUITE\RELEASE\BUILD\VS2012\OBJ\RELEASE\STEERLIB\SIMULATIONOPTIONS.OBJ
D:\USERS\CYBERNIDE\DOCUMENTS\STEERSUITE\RELEASE\BUILD\VS2012\OBJ\RELEASE\STEERLIB\SIMULATIONMETRICSCOLLECTOR.OBJ
D:\USERS\CYBERNIDE\DOCUMENTS\STEERSUITE\RELEASE\BUILD\VS2012\OBJ\RELEASE\STEERLIB\SIMULATIONENGINE.OBJ
D:\USERS\CYBERNIDE\DOCUMENTS\STEERSUITE\RELEASE\BUILD\VS2012\OBJ\RELEASE\STEERLIB\RECFILEWRITER.OBJ
D:\USERS\CYBERNIDE\DOCUMENTS\STEERSUITE\RELEASE\BUILD\VS2012\OBJ\RELEASE\STEERLIB\RECFILEREADER.OBJ
D:\USERS\CYBERNIDE\DOCUMENTS\STEERSUITE\RELEASE\BUILD\VS2012\OBJ\RELEASE\STEERLIB\RECFILEPLAYERMODULE.OBJ
D:\USERS\CYBERNIDE\DOCUMENTS\STEERSUITE\RELEASE\BUILD\VS2012\OBJ\RELEASE\STEERLIB\POLYGONOBSTACLE.OBJ
D:\USERS\CYBERNIDE\DOCUMENTS\STEERSUITE\RELEASE\BUILD\VS2012\OBJ\RELEASE\STEERLIB\PERFORMANCEPROFILER.OBJ
D:\USERS\CYBERNIDE\DOCUMENTS\STEERSUITE\RELEASE\BUILD\VS2012\OBJ\RELEASE\STEERLIB\ORIENTEDWALLOBSTACLE.OBJ
D:\USERS\CYBERNIDE\DOCUMENTS\STEERSUITE\RELEASE\BUILD\VS2012\OBJ\RELEASE\STEERLIB\ORIENTEDBOXOBSTACLE.OBJ
D:\USERS\CYBERNIDE\DOCUMENTS\STEERSUITE\RELEASE\BUILD\VS2012\OBJ\RELEASE\STEERLIB\MISC.OBJ
D:\USERS\CYBERNIDE\DOCUMENTS\STEERSUITE\RELEASE\BUILD\VS2012\OBJ\RELEASE\STEERLIB\MEMORYMAPPER.OBJ
D:\USERS\CYBERNIDE\DOCUMENTS\STEERSUITE\RELEASE\BUILD\VS2012\OBJ\RELEASE\STEERLIB\HIGHRESCOUNTER.OBJ
D:\USERS\CYBERNIDE\DOCUMENTS\STEERSUITE\RELEASE\BUILD\VS2012\OBJ\RELEASE\STEERLIB\TINYXMLPARSER.OBJ
D:\USERS\CYBERNIDE\DOCUMENTS\STEERSUITE\RELEASE\BUILD\VS2012\OBJ\RELEASE\STEERLIB\TINYXMLERROR.OBJ
D:\USERS\CYBERNIDE\DOCUMENTS\STEERSUITE\RELEASE\BUILD\VS2012\OBJ\RELEASE\STEERLIB\TINYXML.OBJ
D:\USERS\CYBERNIDE\DOCUMENTS\STEERSUITE\RELEASE\BUILD\VS2012\OBJ\RELEASE\STEERLIB\TINYSTR.OBJ
D:\USERS\CYBERNIDE\DOCUMENTS\STEERSUITE\RELEASE\BUILD\VS2012\OBJ\RELEASE\STEERLIB\TICPP.OBJ
D:\USERS\CYBERNIDE\DOCUMENTS\STEERSUITE\RELEASE\BUILD\VS2012\OBJ\RELEASE\STEERLIB\XMLPARSER.OBJ
D:\USERS\CYBERNIDE\DOCUMENTS\STEERSUITE\RELEASE\BUILD\VS2012\OBJ\RELEASE\STEERLIB\THREADEDTASKMANAGER.OBJ
D:\USERS\CYBERNIDE\DOCUMENTS\STEERSUITE\RELEASE\BUILD\BIN\STEERLIB.PDB
D:\USERS\CYBERNIDE\DOCUMENTS\STEERSUITE\RELEASE\BUILD\BIN\STEERLIB.DLL
D:\Users\Cybernide\Documents\SteerSuite\Release\build\bin\steerlib.lib
D:\Users\Cybernide\Documents\SteerSuite\Release\build\bin\steerlib.exp
D:\Users\Cybernide\Documents\SteerSuite\Release\build\vs2012\obj\Release\steerlib\steerlib.vcxprojResolveAssemblyReference.cache
D:\Users\Cybernide\Documents\SteerSuite\Release\build\vs2012\obj\Release\steerlib\AgentInterface.obj
D:\Users\Cybernide\Documents\SteerSuite\Release\build\vs2012\obj\Release\steerlib\AgentMetricsCollector.obj
D:\Users\Cybernide\Documents\SteerSuite\Release\build\vs2012\obj\Release\steerlib\BehaviorParameter.obj
D:\Users\Cybernide\Documents\SteerSuite\Release\build\vs2012\obj\Release\steerlib\Behaviour.obj
D:\Users\Cybernide\Documents\SteerSuite\Release\build\vs2012\obj\Release\steerlib\BenchmarkEngine.obj
D:\Users\Cybernide\Documents\SteerSuite\Release\build\vs2012\obj\Release\steerlib\BoxObstacle.obj
D:\Users\Cybernide\Documents\SteerSuite\Release\build\vs2012\obj\Release\steerlib\Camera.obj
D:\Users\Cybernide\Documents\SteerSuite\Release\build\vs2012\obj\Release\steerlib\CircleObstacle.obj
D:\Users\Cybernide\Documents\SteerSuite\Release\build\vs2012\obj\Release\steerlib\Clock.obj
D:\Users\Cybernide\Documents\SteerSuite\Release\build\vs2012\obj\Release\steerlib\CommandLineParser.obj
D:\Users\Cybernide\Documents\SteerSuite\Release\build\vs2012\obj\Release\steerlib\CompositeTechnique01.obj
D:\Users\Cybernide\Documents\SteerSuite\Release\build\vs2012\obj\Release\steerlib\CompositeTechnique02.obj
D:\Users\Cybernide\Documents\SteerSuite\Release\build\vs2012\obj\Release\steerlib\CompositeTechniqueEntropy.obj
D:\Users\Cybernide\Documents\SteerSuite\Release\build\vs2012\obj\Release\steerlib\CompositeTechniqueGraph.obj
D:\Users\Cybernide\Documents\SteerSuite\Release\build\vs2012\obj\Release\steerlib\CompositeTechniquePLE.obj
D:\Users\Cybernide\Documents\SteerSuite\Release\build\vs2012\obj\Release\steerlib\DrawLib.obj
D:\Users\Cybernide\Documents\SteerSuite\Release\build\vs2012\obj\Release\steerlib\DynamicLibrary.obj
D:\Users\Cybernide\Documents\SteerSuite\Release\build\vs2012\obj\Release\steerlib\FrameSaver.obj
D:\Users\Cybernide\Documents\SteerSuite\Release\build\vs2012\obj\Release\steerlib\GridDatabase2D.obj
D:\Users\Cybernide\Documents\SteerSuite\Release\build\vs2012\obj\Release\steerlib\GridDatabasePlanningDomain.obj
D:\Users\Cybernide\Documents\SteerSuite\Release\build\vs2012\obj\Release\steerlib\HighResCounter.obj
D:\Users\Cybernide\Documents\SteerSuite\Release\build\vs2012\obj\Release\steerlib\MemoryMapper.obj
D:\Users\Cybernide\Documents\SteerSuite\Release\build\vs2012\obj\Release\steerlib\Misc.obj
D:\Users\Cybernide\Documents\SteerSuite\Release\build\vs2012\obj\Release\steerlib\OrientedBoxObstacle.obj
D:\Users\Cybernide\Documents\SteerSuite\Release\build\vs2012\obj\Release\steerlib\OrientedWallObstacle.obj
D:\Users\Cybernide\Documents\SteerSuite\Release\build\vs2012\obj\Release\steerlib\PerformanceProfiler.obj
D:\Users\Cybernide\Documents\SteerSuite\Release\build\vs2012\obj\Release\steerlib\PolygonObstacle.obj
D:\Users\Cybernide\Documents\SteerSuite\Release\build\vs2012\obj\Release\steerlib\RecFilePlayerModule.obj
D:\Users\Cybernide\Documents\SteerSuite\Release\build\vs2012\obj\Release\steerlib\RecFileReader.obj
D:\Users\Cybernide\Documents\SteerSuite\Release\build\vs2012\obj\Release\steerlib\RecFileWriter.obj
D:\Users\Cybernide\Documents\SteerSuite\Release\build\vs2012\obj\Release\steerlib\SimulationEngine.obj
D:\Users\Cybernide\Documents\SteerSuite\Release\build\vs2012\obj\Release\steerlib\SimulationMetricsCollector.obj
D:\Users\Cybernide\Documents\SteerSuite\Release\build\vs2012\obj\Release\steerlib\SimulationOptions.obj
D:\Users\Cybernide\Documents\SteerSuite\Release\build\vs2012\obj\Release\steerlib\SimulationRecorderModule.obj
D:\Users\Cybernide\Documents\SteerSuite\Release\build\vs2012\obj\Release\steerlib\StateMachine.obj
D:\Users\Cybernide\Documents\SteerSuite\Release\build\vs2012\obj\Release\steerlib\SteeringCommand.obj
D:\Users\Cybernide\Documents\SteerSuite\Release\build\vs2012\obj\Release\steerlib\TestCasePlayerModule.obj
D:\Users\Cybernide\Documents\SteerSuite\Release\build\vs2012\obj\Release\steerlib\TestCaseReader.obj
D:\Users\Cybernide\Documents\SteerSuite\Release\build\vs2012\obj\Release\steerlib\TestCaseReaderPrivate.obj
D:\Users\Cybernide\Documents\SteerSuite\Release\build\vs2012\obj\Release\steerlib\TestCaseWriter.obj
D:\Users\Cybernide\Documents\SteerSuite\Release\build\vs2012\obj\Release\steerlib\ThreadedTaskManager.obj
D:\Users\Cybernide\Documents\SteerSuite\Release\build\vs2012\obj\Release\steerlib\ticpp.obj
D:\Users\Cybernide\Documents\SteerSuite\Release\build\vs2012\obj\Release\steerlib\tinystr.obj
D:\Users\Cybernide\Documents\SteerSuite\Release\build\vs2012\obj\Release\steerlib\tinyxml.obj
D:\Users\Cybernide\Documents\SteerSuite\Release\build\vs2012\obj\Release\steerlib\tinyxmlerror.obj
D:\Users\Cybernide\Documents\SteerSuite\Release\build\vs2012\obj\Release\steerlib\tinyxmlparser.obj
D:\Users\Cybernide\Documents\SteerSuite\Release\build\vs2012\obj\Release\steerlib\XMLParser.obj
D:\Users\Cybernide\Documents\SteerSuite\Release\build\vs2012\obj\Release\steerlib\cl.command.1.tlog
D:\Users\Cybernide\Documents\SteerSuite\Release\build\vs2012\obj\Release\steerlib\CL.read.1.tlog
D:\Users\Cybernide\Documents\SteerSuite\Release\build\vs2012\obj\Release\steerlib\CL.write.1.tlog
D:\Users\Cybernide\Documents\SteerSuite\Release\build\vs2012\obj\Release\steerlib\link-cvtres.read.1.tlog
D:\Users\Cybernide\Documents\SteerSuite\Release\build\vs2012\obj\Release\steerlib\link-cvtres.write.1.tlog
D:\Users\Cybernide\Documents\SteerSuite\Release\build\vs2012\obj\Release\steerlib\link-rc.read.1.tlog
D:\Users\Cybernide\Documents\SteerSuite\Release\build\vs2012\obj\Release\steerlib\link-rc.write.1.tlog
D:\Users\Cybernide\Documents\SteerSuite\Release\build\vs2012\obj\Release\steerlib\link.command.1.tlog
D:\Users\Cybernide\Documents\SteerSuite\Release\build\vs2012\obj\Release\steerlib\link.read.1.tlog
D:\Users\Cybernide\Documents\SteerSuite\Release\build\vs2012\obj\Release\steerlib\link.write.1.tlog
D:\Users\Cybernide\Documents\SteerSuite\Release\build\vs2012\obj\Release\steerlib\steerlib.write.1.tlog
