Build started 09/11/2015 9:58:38 PM.
     1>Project "D:\Users\Cybernide\Documents\SteerSuite\Release\build\vs2012\sfAI.vcxproj" on node 2 (Build target(s)).
     1>ClCompile:
         C:\Program Files (x86)\Microsoft Visual Studio 11.0\VC\bin\CL.exe /c /I..\..\steerlib\include /I..\..\socialForcesAI\include /I..\..\external /I..\..\util\include /ZI /nologo /W4 /WX- /Od /Oy- /D ENABLE_GUI /D ENABLE_GLFW /D DEBUG /D WIN32 /D _WINDOWS /D _WINDLL /D _MBCS /Gm /EHsc /RTCc /RTC1 /MDd /GS /Gy /fp:precise /Zc:wchar_t /Zc:forScope /Fo"obj\Debug\sfAI\\" /Fd"..\bin\sfAI.pdb" /Gd /TP /analyze- /errorReport:prompt -std=c++0x -ggdb ..\..\socialForcesAI\src\SocialForcesAgent.cpp
     1>cl : Command line warning D9002: ignoring unknown option '-std=c++0x'
     1>cl : Command line warning D9002: ignoring unknown option '-ggdb'
         SocialForcesAgent.cpp
     1>d:\users\cybernide\documents\steersuite\release\steerlib\include\globals.h(29): warning C4005: 'ENABLE_GLFW' : macro redefinition
                 command-line arguments :  see previous definition of 'ENABLE_GLFW'
     1>d:\users\cybernide\documents\steersuite\release\steerlib\include\util\xmlparser.h(36): warning C4100: 'subRoot' : unreferenced formal parameter
     1>d:\users\cybernide\documents\steersuite\release\steerlib\include\util\xmlparser.h(36): warning C4100: 'tag' : unreferenced formal parameter
     1>d:\users\cybernide\documents\steersuite\release\steerlib\include\util\xmlparser.h(38): warning C4100: 'subRoot' : unreferenced formal parameter
     1>d:\users\cybernide\documents\steersuite\release\steerlib\include\util\xmlparser.h(38): warning C4100: 'tag' : unreferenced formal parameter
     1>d:\users\cybernide\documents\steersuite\release\steerlib\include\util\xmlparser.h(40): warning C4100: 'indentation' : unreferenced formal parameter
     1>d:\users\cybernide\documents\steersuite\release\steerlib\include\util\xmlparser.h(40): warning C4100: 'out' : unreferenced formal parameter
     1>d:\users\cybernide\documents\steersuite\release\steerlib\include\util\statemachine.h(41): warning C4100: 'currentState' : unreferenced formal parameter
     1>d:\users\cybernide\documents\steersuite\release\steerlib\include\util\statemachine.h(41): warning C4100: 'previousState' : unreferenced formal parameter
     1>d:\users\cybernide\documents\steersuite\release\steerlib\include\interfaces\obstacleinterface.h(27): warning C4100: 'frameNumber' : unreferenced formal parameter
     1>d:\users\cybernide\documents\steersuite\release\steerlib\include\interfaces\obstacleinterface.h(27): warning C4100: 'dt' : unreferenced formal parameter
     1>d:\users\cybernide\documents\steersuite\release\steerlib\include\interfaces\obstacleinterface.h(27): warning C4100: 'timeStamp' : unreferenced formal parameter
     1>d:\users\cybernide\documents\steersuite\release\steerlib\include\testcaseio\obstacleinitialconditions.h(93): warning C4018: '<' : signed/unsigned mismatch
     1>d:\users\cybernide\documents\steersuite\release\steerlib\include\testcaseio\obstacleinitialconditions.h(103): warning C4018: '<' : signed/unsigned mismatch
     1>d:\users\cybernide\documents\steersuite\release\steerlib\include\testcaseio\testcaseioprivate.h(96): warning C4100: 't' : unreferenced formal parameter
     1>d:\users\cybernide\documents\steersuite\release\steerlib\include\testcaseio\testcaseioprivate.h(96): warning C4100: 'r' : unreferenced formal parameter
     1>d:\users\cybernide\documents\steersuite\release\steerlib\include\testcaseio\testcaseioprivate.h(97): warning C4100: 'radius' : unreferenced formal parameter
     1>d:\users\cybernide\documents\steersuite\release\steerlib\include\testcaseio\testcaseioprivate.h(97): warning C4100: 'p' : unreferenced formal parameter
     1>d:\users\cybernide\documents\steersuite\release\steerlib\include\testcaseio\testcaseioprivate.h(98): warning C4100: 'radius' : unreferenced formal parameter
     1>d:\users\cybernide\documents\steersuite\release\steerlib\include\testcaseio\testcaseioprivate.h(98): warning C4100: 'p' : unreferenced formal parameter
     1>d:\users\cybernide\documents\steersuite\release\steerlib\include\interfaces\agentinterface.h(108): warning C4100: 'item' : unreferenced formal parameter
     1>d:\users\cybernide\documents\steersuite\release\steerlib\include\interfaces\agentinterface.h(133): warning C4100: 'timeStamp' : unreferenced formal parameter
     1>d:\users\cybernide\documents\steersuite\release\steerlib\include\interfaces\agentinterface.h(133): warning C4100: 'directiontToRightOfAgent' : unreferenced formal parameter
     1>d:\users\cybernide\documents\steersuite\release\steerlib\include\interfaces\moduleinterface.h(106): warning C4100: 'agent' : unreferenced formal parameter
     1>d:\users\cybernide\documents\steersuite\release\steerlib\include\interfaces\moduleinterface.h(122): warning C4100: 'frameNumber' : unreferenced formal parameter
     1>d:\users\cybernide\documents\steersuite\release\steerlib\include\interfaces\moduleinterface.h(122): warning C4100: 'dt' : unreferenced formal parameter
     1>d:\users\cybernide\documents\steersuite\release\steerlib\include\interfaces\moduleinterface.h(122): warning C4100: 'timeStamp' : unreferenced formal parameter
     1>d:\users\cybernide\documents\steersuite\release\steerlib\include\interfaces\moduleinterface.h(124): warning C4100: 'frameNumber' : unreferenced formal parameter
     1>d:\users\cybernide\documents\steersuite\release\steerlib\include\interfaces\moduleinterface.h(124): warning C4100: 'dt' : unreferenced formal parameter
     1>d:\users\cybernide\documents\steersuite\release\steerlib\include\interfaces\moduleinterface.h(124): warning C4100: 'timeStamp' : unreferenced formal parameter
     1>d:\users\cybernide\documents\steersuite\release\steerlib\include\interfaces\moduleinterface.h(126): warning C4100: 'action' : unreferenced formal parameter
     1>d:\users\cybernide\documents\steersuite\release\steerlib\include\interfaces\moduleinterface.h(126): warning C4100: 'key' : unreferenced formal parameter
     1>d:\users\cybernide\documents\steersuite\release\steerlib\include\interfaces\moduleinterface.h(128): warning C4100: 'deltaY' : unreferenced formal parameter
     1>d:\users\cybernide\documents\steersuite\release\steerlib\include\interfaces\moduleinterface.h(128): warning C4100: 'deltaX' : unreferenced formal parameter
     1>d:\users\cybernide\documents\steersuite\release\steerlib\include\interfaces\moduleinterface.h(129): warning C4100: 'action' : unreferenced formal parameter
     1>d:\users\cybernide\documents\steersuite\release\steerlib\include\interfaces\moduleinterface.h(129): warning C4100: 'button' : unreferenced formal parameter
     1>d:\users\cybernide\documents\steersuite\release\steerlib\include\griddatabase\griddatabase2d.h(208): warning C4100: 'exclude1' : unreferenced formal parameter
     1>d:\users\cybernide\documents\steersuite\release\steerlib\include\griddatabase\griddatabase2d.h(210): warning C4100: 'exclude1' : unreferenced formal parameter
     1>d:\users\cybernide\documents\steersuite\release\steerlib\include\griddatabase\griddatabaseplanningdomain.h(71): warning C4100: 'idealGoalState' : unreferenced formal parameter
     1>d:\users\cybernide\documents\steersuite\release\steerlib\include\interfaces\benchmarktechniqueinterface.h(59): warning C4100: 'out' : unreferenced formal parameter
     1>d:\users\cybernide\documents\steersuite\release\steerlib\include\interfaces\benchmarktechniqueinterface.h(59): warning C4100: 'simulationMetrics' : unreferenced formal parameter
     1>d:\users\cybernide\documents\steersuite\release\steerlib\include\interfaces\benchmarktechniqueinterface.h(61): warning C4100: 'out' : unreferenced formal parameter
     1>d:\users\cybernide\documents\steersuite\release\steerlib\include\interfaces\benchmarktechniqueinterface.h(61): warning C4100: 'simulationMetrics' : unreferenced formal parameter
     1>d:\users\cybernide\documents\steersuite\release\steerlib\include\interfaces\benchmarktechniqueinterface.h(61): warning C4100: 'agentIndex' : unreferenced formal parameter
     1>d:\users\cybernide\documents\steersuite\release\steerlib\include\benchmarking\benchmarkengineprivate.h(41): warning C4100: 'engineInfo' : unreferenced formal parameter
     1>d:\users\cybernide\documents\steersuite\release\steerlib\include\benchmarking\benchmarkengineprivate.h(41): warning C4100: 'initialConditions' : unreferenced formal parameter
     1>d:\users\cybernide\documents\steersuite\release\steerlib\include\benchmarking\benchmarkengineprivate.h(44): warning C4100: 'frameNumber' : unreferenced formal parameter
     1>d:\users\cybernide\documents\steersuite\release\steerlib\include\benchmarking\benchmarkengineprivate.h(44): warning C4100: 'dt' : unreferenced formal parameter
     1>d:\users\cybernide\documents\steersuite\release\steerlib\include\benchmarking\benchmarkengineprivate.h(44): warning C4100: 'timeStamp' : unreferenced formal parameter
     1>d:\users\cybernide\documents\steersuite\release\steerlib\include\benchmarking\benchmarkengineprivate.h(63): warning C4100: 'newGoal' : unreferenced formal parameter
     1>d:\users\cybernide\documents\steersuite\release\steerlib\include\benchmarking\benchmarkengineprivate.h(77): warning C4100: 'rangeSq' : unreferenced formal parameter
     1>d:\users\cybernide\documents\steersuite\release\steerlib\include\benchmarking\benchmarkengineprivate.h(77): warning C4100: 'agent' : unreferenced formal parameter
     1>d:\users\cybernide\documents\steersuite\release\steerlib\include\benchmarking\compositetechnique01.h(26): warning C4100: 'engineInfo' : unreferenced formal parameter
     1>d:\users\cybernide\documents\steersuite\release\steerlib\include\benchmarking\compositetechnique01.h(26): warning C4100: 'options' : unreferenced formal parameter
     1>d:\users\cybernide\documents\steersuite\release\steerlib\include\benchmarking\compositetechnique01.h(27): warning C4100: 'dt' : unreferenced formal parameter
     1>d:\users\cybernide\documents\steersuite\release\steerlib\include\benchmarking\compositetechnique01.h(27): warning C4100: 'timeStamp' : unreferenced formal parameter
     1>d:\users\cybernide\documents\steersuite\release\steerlib\include\benchmarking\compositetechnique01.h(27): warning C4100: 'simulationMetrics' : unreferenced formal parameter
     1>d:\users\cybernide\documents\steersuite\release\steerlib\include\benchmarking\compositetechnique01.h(28): warning C4100: 'frameNumber' : unreferenced formal parameter
     1>d:\users\cybernide\documents\steersuite\release\steerlib\include\benchmarking\compositetechnique01.h(28): warning C4100: 'timePassedSinceLastFrame' : unreferenced formal parameter
     1>d:\users\cybernide\documents\steersuite\release\steerlib\include\benchmarking\compositetechnique01.h(28): warning C4100: 'currentTimeStamp' : unreferenced formal parameter
     1>d:\users\cybernide\documents\steersuite\release\steerlib\include\benchmarking\compositetechnique01.h(28): warning C4100: 'engineInterface' : unreferenced formal parameter
     1>d:\users\cybernide\documents\steersuite\release\steerlib\include\benchmarking\compositetechnique01.h(46): warning C4100: 'scores' : unreferenced formal parameter
     1>d:\users\cybernide\documents\steersuite\release\steerlib\include\benchmarking\compositetechnique01.h(46): warning C4100: 'simulationMetrics' : unreferenced formal parameter
     1>d:\users\cybernide\documents\steersuite\release\steerlib\include\benchmarking\compositetechnique01.h(46): warning C4100: 'agentIndex' : unreferenced formal parameter
     1>d:\users\cybernide\documents\steersuite\release\steerlib\include\benchmarking\compositetechnique02.h(23): warning C4100: 'engineInfo' : unreferenced formal parameter
     1>d:\users\cybernide\documents\steersuite\release\steerlib\include\benchmarking\compositetechnique02.h(23): warning C4100: 'options' : unreferenced formal parameter
     1>d:\users\cybernide\documents\steersuite\release\steerlib\include\benchmarking\compositetechnique02.h(27): warning C4100: 'dt' : unreferenced formal parameter
     1>d:\users\cybernide\documents\steersuite\release\steerlib\include\benchmarking\compositetechnique02.h(27): warning C4100: 'timeStamp' : unreferenced formal parameter
     1>d:\users\cybernide\documents\steersuite\release\steerlib\include\benchmarking\compositetechnique02.h(27): warning C4100: 'simulationMetrics' : unreferenced formal parameter
     1>d:\users\cybernide\documents\steersuite\release\steerlib\include\benchmarking\compositetechnique02.h(31): warning C4100: 'frameNumber' : unreferenced formal parameter
     1>d:\users\cybernide\documents\steersuite\release\steerlib\include\benchmarking\compositetechnique02.h(31): warning C4100: 'timePassedSinceLastFrame' : unreferenced formal parameter
     1>d:\users\cybernide\documents\steersuite\release\steerlib\include\benchmarking\compositetechnique02.h(31): warning C4100: 'currentTimeStamp' : unreferenced formal parameter
     1>d:\users\cybernide\documents\steersuite\release\steerlib\include\benchmarking\compositetechnique02.h(31): warning C4100: 'engineInterface' : unreferenced formal parameter
     1>d:\users\cybernide\documents\steersuite\release\steerlib\include\benchmarking\energyefficiencytechnique.h(24): warning C4100: 'engineInfo' : unreferenced formal parameter
     1>d:\users\cybernide\documents\steersuite\release\steerlib\include\benchmarking\energyefficiencytechnique.h(24): warning C4100: 'options' : unreferenced formal parameter
     1>d:\users\cybernide\documents\steersuite\release\steerlib\include\benchmarking\energyefficiencytechnique.h(26): warning C4100: 'dt' : unreferenced formal parameter
     1>d:\users\cybernide\documents\steersuite\release\steerlib\include\benchmarking\energyefficiencytechnique.h(26): warning C4100: 'timeStamp' : unreferenced formal parameter
     1>d:\users\cybernide\documents\steersuite\release\steerlib\include\benchmarking\energyefficiencytechnique.h(26): warning C4100: 'simulationMetrics' : unreferenced formal parameter
     1>d:\users\cybernide\documents\steersuite\release\steerlib\include\benchmarking\energyefficiencytechnique.h(29): warning C4100: 'frameNumber' : unreferenced formal parameter
     1>d:\users\cybernide\documents\steersuite\release\steerlib\include\benchmarking\energyefficiencytechnique.h(29): warning C4100: 'timePassedSinceLastFrame' : unreferenced formal parameter
     1>d:\users\cybernide\documents\steersuite\release\steerlib\include\benchmarking\energyefficiencytechnique.h(29): warning C4100: 'currentTimeStamp' : unreferenced formal parameter
     1>d:\users\cybernide\documents\steersuite\release\steerlib\include\benchmarking\energyefficiencytechnique.h(29): warning C4100: 'engineInterface' : unreferenced formal parameter
     1>d:\users\cybernide\documents\steersuite\release\steerlib\include\benchmarking\energyefficiencytechnique.h(37): warning C4100: 'scores' : unreferenced formal parameter
     1>d:\users\cybernide\documents\steersuite\release\steerlib\include\benchmarking\energyefficiencytechnique.h(41): warning C4100: 'scores' : unreferenced formal parameter
     1>d:\users\cybernide\documents\steersuite\release\steerlib\include\benchmarking\energyefficiencytechnique.h(41): warning C4100: 'simulationMetrics' : unreferenced formal parameter
     1>d:\users\cybernide\documents\steersuite\release\steerlib\include\benchmarking\energyefficiencytechnique.h(41): warning C4100: 'agentIndex' : unreferenced formal parameter
     1>d:\users\cybernide\documents\steersuite\release\steerlib\include\benchmarking\accelerationefficiencytechnique.h(25): warning C4100: 'engineInfo' : unreferenced formal parameter
     1>d:\users\cybernide\documents\steersuite\release\steerlib\include\benchmarking\accelerationefficiencytechnique.h(25): warning C4100: 'options' : unreferenced formal parameter
     1>d:\users\cybernide\documents\steersuite\release\steerlib\include\benchmarking\accelerationefficiencytechnique.h(27): warning C4100: 'dt' : unreferenced formal parameter
     1>d:\users\cybernide\documents\steersuite\release\steerlib\include\benchmarking\accelerationefficiencytechnique.h(27): warning C4100: 'timeStamp' : unreferenced formal parameter
     1>d:\users\cybernide\documents\steersuite\release\steerlib\include\benchmarking\accelerationefficiencytechnique.h(27): warning C4100: 'simulationMetrics' : unreferenced formal parameter
     1>d:\users\cybernide\documents\steersuite\release\steerlib\include\benchmarking\accelerationefficiencytechnique.h(30): warning C4100: 'frameNumber' : unreferenced formal parameter
     1>d:\users\cybernide\documents\steersuite\release\steerlib\include\benchmarking\accelerationefficiencytechnique.h(30): warning C4100: 'timePassedSinceLastFrame' : unreferenced formal parameter
     1>d:\users\cybernide\documents\steersuite\release\steerlib\include\benchmarking\accelerationefficiencytechnique.h(30): warning C4100: 'currentTimeStamp' : unreferenced formal parameter
     1>d:\users\cybernide\documents\steersuite\release\steerlib\include\benchmarking\accelerationefficiencytechnique.h(30): warning C4100: 'engineInterface' : unreferenced formal parameter
     1>d:\users\cybernide\documents\steersuite\release\steerlib\include\benchmarking\accelerationefficiencytechnique.h(60): warning C4100: 'scores' : unreferenced formal parameter
     1>d:\users\cybernide\documents\steersuite\release\steerlib\include\benchmarking\accelerationefficiencytechnique.h(64): warning C4100: 'scores' : unreferenced formal parameter
     1>d:\users\cybernide\documents\steersuite\release\steerlib\include\benchmarking\accelerationefficiencytechnique.h(64): warning C4100: 'simulationMetrics' : unreferenced formal parameter
     1>d:\users\cybernide\documents\steersuite\release\steerlib\include\benchmarking\accelerationefficiencytechnique.h(64): warning C4100: 'agentIndex' : unreferenced formal parameter
     1>d:\users\cybernide\documents\steersuite\release\steerlib\include\benchmarking\compositetechniqueple.h(23): warning C4100: 'engineInfo' : unreferenced formal parameter
     1>d:\users\cybernide\documents\steersuite\release\steerlib\include\benchmarking\compositetechniqueple.h(23): warning C4100: 'options' : unreferenced formal parameter
     1>d:\users\cybernide\documents\steersuite\release\steerlib\include\benchmarking\compositetechniqueple.h(27): warning C4100: 'dt' : unreferenced formal parameter
     1>d:\users\cybernide\documents\steersuite\release\steerlib\include\benchmarking\compositetechniqueple.h(27): warning C4100: 'timeStamp' : unreferenced formal parameter
     1>d:\users\cybernide\documents\steersuite\release\steerlib\include\benchmarking\compositetechniqueple.h(27): warning C4100: 'simulationMetrics' : unreferenced formal parameter
     1>d:\users\cybernide\documents\steersuite\release\steerlib\include\benchmarking\compositetechniqueple.h(28): warning C4100: 'frameNumber' : unreferenced formal parameter
     1>d:\users\cybernide\documents\steersuite\release\steerlib\include\benchmarking\compositetechniqueple.h(28): warning C4100: 'timePassedSinceLastFrame' : unreferenced formal parameter
     1>d:\users\cybernide\documents\steersuite\release\steerlib\include\benchmarking\compositetechniqueple.h(28): warning C4100: 'currentTimeStamp' : unreferenced formal parameter
     1>d:\users\cybernide\documents\steersuite\release\steerlib\include\benchmarking\compositetechniqueple.h(28): warning C4100: 'engineInterface' : unreferenced formal parameter
     1>d:\users\cybernide\documents\steersuite\release\steerlib\include\util\dmatrix.h(731): warning C4127: conditional expression is constant
     1>d:\users\cybernide\documents\steersuite\release\steerlib\include\modules\dummyaimodule.h(20): warning C4100: 'engineInfo' : unreferenced formal parameter
     1>d:\users\cybernide\documents\steersuite\release\steerlib\include\modules\dummyaimodule.h(36): warning C4100: 'frameNumber' : unreferenced formal parameter
     1>d:\users\cybernide\documents\steersuite\release\steerlib\include\modules\dummyaimodule.h(36): warning C4100: 'dt' : unreferenced formal parameter
     1>d:\users\cybernide\documents\steersuite\release\steerlib\include\modules\dummyaimodule.h(36): warning C4100: 'timeStamp' : unreferenced formal parameter
     1>d:\users\cybernide\documents\steersuite\release\steerlib\include\modules\dummyaimodule.h(59): warning C4100: 'newGoal' : unreferenced formal parameter
     1>d:\users\cybernide\documents\steersuite\release\steerlib\include\modules\dummyaimodule.h(66): warning C4100: 'rangeSq' : unreferenced formal parameter
     1>d:\users\cybernide\documents\steersuite\release\steerlib\include\modules\dummyaimodule.h(66): warning C4100: 'agent' : unreferenced formal parameter
     1>d:\users\cybernide\documents\steersuite\release\steerlib\include\modules\dummyaimodule.h(86): warning C4100: 'engineInfo' : unreferenced formal parameter
     1>d:\users\cybernide\documents\steersuite\release\steerlib\include\modules\dummyaimodule.h(86): warning C4100: 'options' : unreferenced formal parameter
     1>d:\users\cybernide\documents\steersuite\release\steerlib\include\modules\metricscollectormodule.h(27): warning C4100: 'options' : unreferenced formal parameter
     1>d:\users\cybernide\documents\steersuite\release\steerlib\include\modules\metricscollectormodule.h(55): warning C4100: 'frameNumber' : unreferenced formal parameter
     1>d:\users\cybernide\documents\steersuite\release\steerlib\include\modules\recfileplayermodule.h(23): warning C4100: 'engineInfo' : unreferenced formal parameter
     1>d:\users\cybernide\documents\steersuite\release\steerlib\include\modules\recfileplayermodule.h(23): warning C4100: 'initialConditions' : unreferenced formal parameter
     1>d:\users\cybernide\documents\steersuite\release\steerlib\include\modules\recfileplayermodule.h(24): warning C4100: 'frameNumber' : unreferenced formal parameter
     1>d:\users\cybernide\documents\steersuite\release\steerlib\include\modules\recfileplayermodule.h(24): warning C4100: 'dt' : unreferenced formal parameter
     1>d:\users\cybernide\documents\steersuite\release\steerlib\include\modules\recfileplayermodule.h(24): warning C4100: 'timeStamp' : unreferenced formal parameter
     1>d:\users\cybernide\documents\steersuite\release\steerlib\include\modules\recfileplayermodule.h(36): warning C4100: 'newGoal' : unreferenced formal parameter
     1>d:\users\cybernide\documents\steersuite\release\steerlib\include\modules\recfileplayermodule.h(43): warning C4100: 'rangeSq' : unreferenced formal parameter
     1>d:\users\cybernide\documents\steersuite\release\steerlib\include\modules\recfileplayermodule.h(43): warning C4100: 'agent' : unreferenced formal parameter
     1>d:\users\cybernide\documents\steersuite\release\steerlib\include\modules\steerbenchmodule.h(63): warning C4100: 'frameNumber' : unreferenced formal parameter
     1>d:\users\cybernide\documents\steersuite\release\steerlib\include\modules\steerbenchmodule.h(63): warning C4100: 'dt' : unreferenced formal parameter
     1>d:\users\cybernide\documents\steersuite\release\steerlib\include\modules\steerbenchmodule.h(63): warning C4100: 'timeStamp' : unreferenced formal parameter
     1>d:\users\cybernide\documents\steersuite\release\steerlib\include\modules\steerbugmodule.h(25): warning C4100: 'engineInfo' : unreferenced formal parameter
     1>d:\users\cybernide\documents\steersuite\release\steerlib\include\modules\steerbugmodule.h(25): warning C4100: 'options' : unreferenced formal parameter
     1>d:\users\cybernide\documents\steersuite\release\socialforcesai\include\socialforces_parameters.h(35): warning C4005: 'FURTHEST_LOCAL_TARGET_DISTANCE' : macro redefinition
                 d:\users\cybernide\documents\steersuite\release\steerlib\include\interfaces\agentinterface.h(22) : see previous definition of 'FURTHEST_LOCAL_TARGET_DISTANCE'
     1>d:\users\cybernide\documents\steersuite\release\socialforcesai\include\socialforces_parameters.h(38): warning C4005: 'MASS' : macro redefinition
                 d:\users\cybernide\documents\steersuite\release\steerlib\include\benchmarking\agentmetricscollector.h(32) : see previous definition of 'MASS'
     1>d:\users\cybernide\documents\steersuite\release\socialforcesai\include\socialforces_parameters.h(118): warning C4018: '<' : signed/unsigned mismatch
     1>d:\users\cybernide\documents\steersuite\release\socialforcesai\include\socialforcesagent.h(50): warning C4100: 'newGoal' : unreferenced formal parameter
     1>d:\users\cybernide\documents\steersuite\release\socialforcesai\src\socialforcesagent.cpp(195): warning C4305: 'argument' : truncation from 'double' to 'float'
     1>d:\users\cybernide\documents\steersuite\release\socialforcesai\src\socialforcesagent.cpp(87): warning C4100: 'engineInfo' : unreferenced formal parameter
     1>d:\users\cybernide\documents\steersuite\release\socialforcesai\src\socialforcesagent.cpp(221): warning C4100: 'dt' : unreferenced formal parameter
     1>d:\users\cybernide\documents\steersuite\release\socialforcesai\src\socialforcesagent.cpp(553): warning C4244: 'argument' : conversion from 'double' to 'float', possible loss of data
     1>d:\users\cybernide\documents\steersuite\release\socialforcesai\src\socialforcesagent.cpp(759): warning C4305: 'argument' : truncation from 'double' to 'float'
     1>d:\users\cybernide\documents\steersuite\release\socialforcesai\src\socialforcesagent.cpp(726): warning C4100: 'frameNumber' : unreferenced formal parameter
     1>d:\users\cybernide\documents\steersuite\release\socialforcesai\src\socialforcesagent.cpp(726): warning C4100: 'timeStamp' : unreferenced formal parameter
     1>d:\users\cybernide\documents\steersuite\release\steerlib\include\interfaces\agentinterface.h(111): warning C4702: unreachable code
       Link:
         C:\Program Files (x86)\Microsoft Visual Studio 11.0\VC\bin\link.exe /ERRORREPORT:PROMPT /OUT:"..\bin\sfAI.dll" /INCREMENTAL /NOLOGO /LIBPATH:..\lib kernel32.lib user32.lib gdi32.lib winspool.lib comdlg32.lib advapi32.lib shell32.lib ole32.lib oleaut32.lib uuid.lib odbc32.lib odbccp32.lib /MANIFEST /MANIFESTUAC:"level='asInvoker' uiAccess='false'" /manifest:embed /DEBUG /PDB:"..\bin\sfAI.pdb" /SUBSYSTEM:WINDOWS /TLBID:1 /DYNAMICBASE /NXCOMPAT /IMPLIB:"..\bin\sfAI.lib" /MACHINE:X86 /DLL obj\Debug\sfAI\SocialForcesAgent.obj
         obj\Debug\sfAI\SocialForcesAIModule.obj
         D:\Users\Cybernide\Documents\SteerSuite\Release\build\bin\steerlib.lib
         D:\Users\Cybernide\Documents\SteerSuite\Release\build\bin\util.lib
            Creating library ..\bin\sfAI.lib and object ..\bin\sfAI.exp
         sfAI.vcxproj -> D:\Users\Cybernide\Documents\SteerSuite\Release\build\vs2012\..\bin\sfAI.dll
     1>Done Building Project "D:\Users\Cybernide\Documents\SteerSuite\Release\build\vs2012\sfAI.vcxproj" (Build target(s)).

Build succeeded.

Time Elapsed 00:00:10.93
