D:\USERS\CYBERNIDE\DOCUMENTS\STEERSUITE\RELEASE\BUILD\VS2012\OBJ\RELEASE\UTIL\LOGOBJECT.OBJ
D:\USERS\CYBERNIDE\DOCUMENTS\STEERSUITE\RELEASE\BUILD\VS2012\OBJ\RELEASE\UTIL\LOGMANAGER.OBJ
D:\USERS\CYBERNIDE\DOCUMENTS\STEERSUITE\RELEASE\BUILD\VS2012\OBJ\RELEASE\UTIL\LOGGER.OBJ
D:\USERS\CYBERNIDE\DOCUMENTS\STEERSUITE\RELEASE\BUILD\VS2012\OBJ\RELEASE\UTIL\LOGDATA.OBJ
D:\USERS\CYBERNIDE\DOCUMENTS\STEERSUITE\RELEASE\BUILD\VS2012\OBJ\RELEASE\UTIL\ASTARLITEOPEN.OBJ
D:\USERS\CYBERNIDE\DOCUMENTS\STEERSUITE\RELEASE\BUILD\VS2012\OBJ\RELEASE\UTIL\ASTARLITENODE.OBJ
D:\USERS\CYBERNIDE\DOCUMENTS\STEERSUITE\RELEASE\BUILD\VS2012\OBJ\RELEASE\UTIL\ASTARLITECLOSE.OBJ
D:\USERS\CYBERNIDE\DOCUMENTS\STEERSUITE\RELEASE\BUILD\VS2012\OBJ\RELEASE\UTIL\ASTARLITE.OBJ
D:\USERS\CYBERNIDE\DOCUMENTS\STEERSUITE\RELEASE\BUILD\BIN\UTIL.PDB
D:\USERS\CYBERNIDE\DOCUMENTS\STEERSUITE\RELEASE\BUILD\BIN\UTIL.DLL
D:\Users\Cybernide\Documents\SteerSuite\Release\build\bin\util.lib
D:\Users\Cybernide\Documents\SteerSuite\Release\build\bin\util.exp
D:\Users\Cybernide\Documents\SteerSuite\Release\build\vs2012\obj\Release\util\AStarLite.obj
D:\Users\Cybernide\Documents\SteerSuite\Release\build\vs2012\obj\Release\util\AStarLiteClose.obj
D:\Users\Cybernide\Documents\SteerSuite\Release\build\vs2012\obj\Release\util\AStarLiteNode.obj
D:\Users\Cybernide\Documents\SteerSuite\Release\build\vs2012\obj\Release\util\AStarLiteOpen.obj
D:\Users\Cybernide\Documents\SteerSuite\Release\build\vs2012\obj\Release\util\LogData.obj
D:\Users\Cybernide\Documents\SteerSuite\Release\build\vs2012\obj\Release\util\Logger.obj
D:\Users\Cybernide\Documents\SteerSuite\Release\build\vs2012\obj\Release\util\LogManager.obj
D:\Users\Cybernide\Documents\SteerSuite\Release\build\vs2012\obj\Release\util\LogObject.obj
D:\Users\Cybernide\Documents\SteerSuite\Release\build\vs2012\obj\Release\util\cl.command.1.tlog
D:\Users\Cybernide\Documents\SteerSuite\Release\build\vs2012\obj\Release\util\CL.read.1.tlog
D:\Users\Cybernide\Documents\SteerSuite\Release\build\vs2012\obj\Release\util\CL.write.1.tlog
D:\Users\Cybernide\Documents\SteerSuite\Release\build\vs2012\obj\Release\util\link-cvtres.read.1.tlog
D:\Users\Cybernide\Documents\SteerSuite\Release\build\vs2012\obj\Release\util\link-cvtres.write.1.tlog
D:\Users\Cybernide\Documents\SteerSuite\Release\build\vs2012\obj\Release\util\link-rc.read.1.tlog
D:\Users\Cybernide\Documents\SteerSuite\Release\build\vs2012\obj\Release\util\link-rc.write.1.tlog
D:\Users\Cybernide\Documents\SteerSuite\Release\build\vs2012\obj\Release\util\link.command.1.tlog
D:\Users\Cybernide\Documents\SteerSuite\Release\build\vs2012\obj\Release\util\link.read.1.tlog
D:\Users\Cybernide\Documents\SteerSuite\Release\build\vs2012\obj\Release\util\link.write.1.tlog
D:\Users\Cybernide\Documents\SteerSuite\Release\build\vs2012\obj\Release\util\util.write.1.tlog
D:\Users\Cybernide\Documents\SteerSuite\Release\build\vs2012\..\bin\util.dll
